[28-Mar-2021 15:54:29 UTC] account items
[28-Mar-2021 15:54:29 UTC] Dashboard
[28-Mar-2021 15:54:29 UTC] account items
[28-Mar-2021 15:54:29 UTC] Orders
[28-Mar-2021 15:54:29 UTC] account items
[28-Mar-2021 15:54:29 UTC] Downloads
[28-Mar-2021 15:54:29 UTC] account items
[28-Mar-2021 15:54:29 UTC] Addresses
[28-Mar-2021 15:54:29 UTC] account items
[28-Mar-2021 15:54:29 UTC] Account details
[28-Mar-2021 15:54:29 UTC] account items
[28-Mar-2021 15:54:29 UTC] Wishlist
[28-Mar-2021 15:54:29 UTC] account items
[28-Mar-2021 15:54:29 UTC] Logout
[28-Mar-2021 15:54:48 UTC] variation
[28-Mar-2021 15:54:48 UTC] variation
[28-Mar-2021 15:54:49 UTC] variation
[28-Mar-2021 15:54:49 UTC] variation
[28-Mar-2021 16:00:52 UTC] account items
[28-Mar-2021 16:00:52 UTC] Dashboard
[28-Mar-2021 16:00:52 UTC] account items
[28-Mar-2021 16:00:52 UTC] Orders
[28-Mar-2021 16:00:52 UTC] account items
[28-Mar-2021 16:00:52 UTC] Downloads
[28-Mar-2021 16:00:52 UTC] account items
[28-Mar-2021 16:00:52 UTC] Addresses
[28-Mar-2021 16:00:52 UTC] account items
[28-Mar-2021 16:00:52 UTC] Account details
[28-Mar-2021 16:00:52 UTC] account items
[28-Mar-2021 16:00:52 UTC] Wishlist
[28-Mar-2021 16:00:52 UTC] account items
[28-Mar-2021 16:00:52 UTC] Logout
[28-Mar-2021 16:01:01 UTC] variation
[28-Mar-2021 16:01:01 UTC] variation
[28-Mar-2021 16:01:01 UTC] variation
[28-Mar-2021 16:01:01 UTC] variation
[28-Mar-2021 16:02:53 UTC] account items
[28-Mar-2021 16:02:53 UTC] Dashboard
[28-Mar-2021 16:02:53 UTC] account items
[28-Mar-2021 16:02:53 UTC] Orders
[28-Mar-2021 16:02:53 UTC] account items
[28-Mar-2021 16:02:53 UTC] Downloads
[28-Mar-2021 16:02:53 UTC] account items
[28-Mar-2021 16:02:53 UTC] Addresses
[28-Mar-2021 16:02:53 UTC] account items
[28-Mar-2021 16:02:53 UTC] Account details
[28-Mar-2021 16:02:53 UTC] account items
[28-Mar-2021 16:02:53 UTC] Wishlist
[28-Mar-2021 16:02:53 UTC] account items
[28-Mar-2021 16:02:53 UTC] Logout
[28-Mar-2021 16:02:58 UTC] variation
[28-Mar-2021 16:02:58 UTC] variation
[28-Mar-2021 16:02:58 UTC] variation
[28-Mar-2021 16:02:59 UTC] variation
[28-Mar-2021 16:03:04 UTC] account items
[28-Mar-2021 16:03:04 UTC] Dashboard
[28-Mar-2021 16:03:04 UTC] account items
[28-Mar-2021 16:03:04 UTC] Orders
[28-Mar-2021 16:03:04 UTC] account items
[28-Mar-2021 16:03:04 UTC] Downloads
[28-Mar-2021 16:03:04 UTC] account items
[28-Mar-2021 16:03:04 UTC] Addresses
[28-Mar-2021 16:03:04 UTC] account items
[28-Mar-2021 16:03:04 UTC] Account details
[28-Mar-2021 16:03:04 UTC] account items
[28-Mar-2021 16:03:04 UTC] Wishlist
[28-Mar-2021 16:03:04 UTC] account items
[28-Mar-2021 16:03:04 UTC] Logout
[28-Mar-2021 16:03:04 UTC] this user roles
[28-Mar-2021 16:03:04 UTC] Array
(
    [0] => administrator
    [1] => customer
)

[28-Mar-2021 16:03:10 UTC] variation
[28-Mar-2021 16:03:10 UTC] variation
[28-Mar-2021 16:03:10 UTC] variation
[28-Mar-2021 16:03:10 UTC] variation
[28-Mar-2021 16:04:39 UTC] account items
[28-Mar-2021 16:04:39 UTC] Dashboard
[28-Mar-2021 16:04:39 UTC] account items
[28-Mar-2021 16:04:39 UTC] Orders
[28-Mar-2021 16:04:39 UTC] account items
[28-Mar-2021 16:04:39 UTC] Downloads
[28-Mar-2021 16:04:39 UTC] account items
[28-Mar-2021 16:04:39 UTC] Addresses
[28-Mar-2021 16:04:39 UTC] account items
[28-Mar-2021 16:04:39 UTC] Account details
[28-Mar-2021 16:04:39 UTC] account items
[28-Mar-2021 16:04:39 UTC] Wishlist
[28-Mar-2021 16:04:39 UTC] account items
[28-Mar-2021 16:04:39 UTC] Logout
[28-Mar-2021 16:04:39 UTC] this user roles
[28-Mar-2021 16:04:39 UTC] Array
(
    [0] => administrator
    [1] => customer
)

[28-Mar-2021 16:04:46 UTC] variation
[28-Mar-2021 16:04:46 UTC] variation
[28-Mar-2021 16:04:46 UTC] variation
[28-Mar-2021 16:04:46 UTC] variation
[28-Mar-2021 16:04:57 UTC] account items
[28-Mar-2021 16:04:57 UTC] Dashboard
[28-Mar-2021 16:04:57 UTC] account items
[28-Mar-2021 16:04:57 UTC] Orders
[28-Mar-2021 16:04:57 UTC] account items
[28-Mar-2021 16:04:57 UTC] Downloads
[28-Mar-2021 16:04:57 UTC] account items
[28-Mar-2021 16:04:57 UTC] Addresses
[28-Mar-2021 16:04:57 UTC] account items
[28-Mar-2021 16:04:57 UTC] Account details
[28-Mar-2021 16:04:57 UTC] account items
[28-Mar-2021 16:04:57 UTC] Wishlist
[28-Mar-2021 16:04:57 UTC] account items
[28-Mar-2021 16:04:57 UTC] Logout
[28-Mar-2021 16:04:57 UTC] this user roles
[28-Mar-2021 16:04:57 UTC] Array
(
    [0] => administrator
    [1] => customer
)

[28-Mar-2021 16:04:58 UTC] account items
[28-Mar-2021 16:04:58 UTC] Dashboard
[28-Mar-2021 16:04:58 UTC] account items
[28-Mar-2021 16:04:58 UTC] Orders
[28-Mar-2021 16:04:58 UTC] account items
[28-Mar-2021 16:04:58 UTC] Downloads
[28-Mar-2021 16:04:58 UTC] account items
[28-Mar-2021 16:04:58 UTC] Addresses
[28-Mar-2021 16:04:58 UTC] account items
[28-Mar-2021 16:04:58 UTC] Account details
[28-Mar-2021 16:04:58 UTC] account items
[28-Mar-2021 16:04:58 UTC] Wishlist
[28-Mar-2021 16:04:58 UTC] account items
[28-Mar-2021 16:04:58 UTC] Logout
[28-Mar-2021 16:05:04 UTC] variation
[28-Mar-2021 16:05:04 UTC] variation
[28-Mar-2021 16:05:04 UTC] variation
[28-Mar-2021 16:05:05 UTC] variation
[28-Mar-2021 16:11:08 UTC] account items
[28-Mar-2021 16:11:08 UTC] Dashboard
[28-Mar-2021 16:11:08 UTC] account items
[28-Mar-2021 16:11:08 UTC] Orders
[28-Mar-2021 16:11:08 UTC] account items
[28-Mar-2021 16:11:08 UTC] Downloads
[28-Mar-2021 16:11:08 UTC] account items
[28-Mar-2021 16:11:08 UTC] Addresses
[28-Mar-2021 16:11:08 UTC] account items
[28-Mar-2021 16:11:08 UTC] Account details
[28-Mar-2021 16:11:08 UTC] account items
[28-Mar-2021 16:11:08 UTC] Wishlist
[28-Mar-2021 16:11:08 UTC] account items
[28-Mar-2021 16:11:08 UTC] Logout
[28-Mar-2021 16:11:16 UTC] variation
[28-Mar-2021 16:11:16 UTC] variation
[28-Mar-2021 16:11:16 UTC] variation
[28-Mar-2021 16:11:16 UTC] variation
[28-Mar-2021 16:14:45 UTC] account items
[28-Mar-2021 16:14:45 UTC] Dashboard
[28-Mar-2021 16:14:45 UTC] account items
[28-Mar-2021 16:14:45 UTC] Orders
[28-Mar-2021 16:14:45 UTC] account items
[28-Mar-2021 16:14:45 UTC] Downloads
[28-Mar-2021 16:14:45 UTC] account items
[28-Mar-2021 16:14:45 UTC] Addresses
[28-Mar-2021 16:14:45 UTC] account items
[28-Mar-2021 16:14:45 UTC] Account details
[28-Mar-2021 16:14:45 UTC] account items
[28-Mar-2021 16:14:45 UTC] Wishlist
[28-Mar-2021 16:14:45 UTC] account items
[28-Mar-2021 16:14:45 UTC] Logout
[28-Mar-2021 16:14:53 UTC] variation
[28-Mar-2021 16:14:53 UTC] variation
[28-Mar-2021 16:14:53 UTC] variation
[28-Mar-2021 16:14:53 UTC] variation
[28-Mar-2021 16:16:50 UTC] account items
[28-Mar-2021 16:16:50 UTC] Dashboard
[28-Mar-2021 16:16:50 UTC] account items
[28-Mar-2021 16:16:50 UTC] Orders
[28-Mar-2021 16:16:50 UTC] account items
[28-Mar-2021 16:16:50 UTC] Downloads
[28-Mar-2021 16:16:50 UTC] account items
[28-Mar-2021 16:16:50 UTC] Addresses
[28-Mar-2021 16:16:50 UTC] account items
[28-Mar-2021 16:16:50 UTC] Account details
[28-Mar-2021 16:16:50 UTC] account items
[28-Mar-2021 16:16:50 UTC] Wishlist
[28-Mar-2021 16:16:50 UTC] account items
[28-Mar-2021 16:16:50 UTC] Logout
[28-Mar-2021 16:16:59 UTC] variation
[28-Mar-2021 16:16:59 UTC] variation
[28-Mar-2021 16:16:59 UTC] variation
[28-Mar-2021 16:16:59 UTC] variation
[28-Mar-2021 16:18:35 UTC] account items
[28-Mar-2021 16:18:35 UTC] Dashboard
[28-Mar-2021 16:18:35 UTC] account items
[28-Mar-2021 16:18:35 UTC] Orders
[28-Mar-2021 16:18:35 UTC] account items
[28-Mar-2021 16:18:35 UTC] Downloads
[28-Mar-2021 16:18:36 UTC] account items
[28-Mar-2021 16:18:36 UTC] Addresses
[28-Mar-2021 16:18:36 UTC] account items
[28-Mar-2021 16:18:36 UTC] Account details
[28-Mar-2021 16:18:36 UTC] account items
[28-Mar-2021 16:18:36 UTC] Wishlist
[28-Mar-2021 16:18:36 UTC] account items
[28-Mar-2021 16:18:36 UTC] Logout
[28-Mar-2021 16:18:43 UTC] variation
[28-Mar-2021 16:18:43 UTC] variation
[28-Mar-2021 16:18:43 UTC] variation
[28-Mar-2021 16:18:43 UTC] variation
[28-Mar-2021 16:21:09 UTC] account items
[28-Mar-2021 16:21:09 UTC] Dashboard
[28-Mar-2021 16:21:09 UTC] account items
[28-Mar-2021 16:21:09 UTC] Orders
[28-Mar-2021 16:21:09 UTC] account items
[28-Mar-2021 16:21:09 UTC] Downloads
[28-Mar-2021 16:21:09 UTC] account items
[28-Mar-2021 16:21:09 UTC] Addresses
[28-Mar-2021 16:21:09 UTC] account items
[28-Mar-2021 16:21:09 UTC] Account details
[28-Mar-2021 16:21:09 UTC] account items
[28-Mar-2021 16:21:09 UTC] Wishlist
[28-Mar-2021 16:21:09 UTC] account items
[28-Mar-2021 16:21:09 UTC] Logout
[28-Mar-2021 16:21:16 UTC] variation
[28-Mar-2021 16:21:16 UTC] variation
[28-Mar-2021 16:21:16 UTC] variation
[28-Mar-2021 16:21:16 UTC] variation
[28-Mar-2021 16:22:36 UTC] account items
[28-Mar-2021 16:22:36 UTC] Dashboard
[28-Mar-2021 16:22:36 UTC] account items
[28-Mar-2021 16:22:36 UTC] Orders
[28-Mar-2021 16:22:36 UTC] account items
[28-Mar-2021 16:22:36 UTC] Downloads
[28-Mar-2021 16:22:36 UTC] account items
[28-Mar-2021 16:22:36 UTC] Addresses
[28-Mar-2021 16:22:36 UTC] account items
[28-Mar-2021 16:22:36 UTC] Account details
[28-Mar-2021 16:22:36 UTC] account items
[28-Mar-2021 16:22:36 UTC] Wishlist
[28-Mar-2021 16:22:36 UTC] account items
[28-Mar-2021 16:22:36 UTC] Logout
[28-Mar-2021 16:22:46 UTC] variation
[28-Mar-2021 16:22:46 UTC] variation
[28-Mar-2021 16:22:46 UTC] variation
[28-Mar-2021 16:22:46 UTC] variation
[28-Mar-2021 16:27:03 UTC] account items
[28-Mar-2021 16:27:03 UTC] Dashboard
[28-Mar-2021 16:27:03 UTC] account items
[28-Mar-2021 16:27:03 UTC] Orders
[28-Mar-2021 16:27:03 UTC] account items
[28-Mar-2021 16:27:03 UTC] Downloads
[28-Mar-2021 16:27:03 UTC] account items
[28-Mar-2021 16:27:03 UTC] Addresses
[28-Mar-2021 16:27:03 UTC] account items
[28-Mar-2021 16:27:03 UTC] Account details
[28-Mar-2021 16:27:03 UTC] account items
[28-Mar-2021 16:27:03 UTC] Wishlist
[28-Mar-2021 16:27:03 UTC] account items
[28-Mar-2021 16:27:03 UTC] Logout
[28-Mar-2021 16:27:10 UTC] variation
[28-Mar-2021 16:27:10 UTC] variation
[28-Mar-2021 16:27:10 UTC] variation
[28-Mar-2021 16:27:11 UTC] variation
[28-Mar-2021 16:33:25 UTC] account items
[28-Mar-2021 16:33:25 UTC] Dashboard
[28-Mar-2021 16:33:25 UTC] account items
[28-Mar-2021 16:33:25 UTC] Orders
[28-Mar-2021 16:33:25 UTC] account items
[28-Mar-2021 16:33:25 UTC] Downloads
[28-Mar-2021 16:33:25 UTC] account items
[28-Mar-2021 16:33:25 UTC] Addresses
[28-Mar-2021 16:33:25 UTC] account items
[28-Mar-2021 16:33:25 UTC] Account details
[28-Mar-2021 16:33:25 UTC] account items
[28-Mar-2021 16:33:25 UTC] Wishlist
[28-Mar-2021 16:33:25 UTC] account items
[28-Mar-2021 16:33:25 UTC] Logout
[28-Mar-2021 16:33:34 UTC] variation
[28-Mar-2021 16:33:34 UTC] variation
[28-Mar-2021 16:33:34 UTC] variation
[28-Mar-2021 16:33:34 UTC] variation
[28-Mar-2021 16:47:14 UTC] account items
[28-Mar-2021 16:47:14 UTC] Dashboard
[28-Mar-2021 16:47:14 UTC] account items
[28-Mar-2021 16:47:14 UTC] Orders
[28-Mar-2021 16:47:14 UTC] account items
[28-Mar-2021 16:47:14 UTC] Downloads
[28-Mar-2021 16:47:14 UTC] account items
[28-Mar-2021 16:47:14 UTC] Addresses
[28-Mar-2021 16:47:14 UTC] account items
[28-Mar-2021 16:47:14 UTC] Account details
[28-Mar-2021 16:47:14 UTC] account items
[28-Mar-2021 16:47:14 UTC] Wishlist
[28-Mar-2021 16:47:14 UTC] account items
[28-Mar-2021 16:47:14 UTC] Logout
[28-Mar-2021 16:47:21 UTC] variation
[28-Mar-2021 16:47:21 UTC] variation
[28-Mar-2021 16:47:21 UTC] variation
[28-Mar-2021 16:47:21 UTC] variation
[28-Mar-2021 16:53:10 UTC] account items
[28-Mar-2021 16:53:10 UTC] Dashboard
[28-Mar-2021 16:53:10 UTC] account items
[28-Mar-2021 16:53:10 UTC] Orders
[28-Mar-2021 16:53:10 UTC] account items
[28-Mar-2021 16:53:10 UTC] Downloads
[28-Mar-2021 16:53:10 UTC] account items
[28-Mar-2021 16:53:10 UTC] Addresses
[28-Mar-2021 16:53:10 UTC] account items
[28-Mar-2021 16:53:10 UTC] Account details
[28-Mar-2021 16:53:10 UTC] account items
[28-Mar-2021 16:53:10 UTC] Wishlist
[28-Mar-2021 16:53:10 UTC] account items
[28-Mar-2021 16:53:10 UTC] Logout
[28-Mar-2021 16:53:17 UTC] variation
[28-Mar-2021 16:53:17 UTC] variation
[28-Mar-2021 16:53:17 UTC] variation
[28-Mar-2021 16:53:17 UTC] variation
[28-Mar-2021 16:55:41 UTC] account items
[28-Mar-2021 16:55:41 UTC] Dashboard
[28-Mar-2021 16:55:41 UTC] account items
[28-Mar-2021 16:55:41 UTC] Orders
[28-Mar-2021 16:55:41 UTC] account items
[28-Mar-2021 16:55:41 UTC] Downloads
[28-Mar-2021 16:55:41 UTC] account items
[28-Mar-2021 16:55:41 UTC] Addresses
[28-Mar-2021 16:55:41 UTC] account items
[28-Mar-2021 16:55:41 UTC] Account details
[28-Mar-2021 16:55:41 UTC] account items
[28-Mar-2021 16:55:41 UTC] Wishlist
[28-Mar-2021 16:55:41 UTC] account items
[28-Mar-2021 16:55:41 UTC] Logout
[28-Mar-2021 16:55:48 UTC] variation
[28-Mar-2021 16:55:48 UTC] variation
[28-Mar-2021 16:55:48 UTC] variation
[28-Mar-2021 16:55:48 UTC] variation
[28-Mar-2021 16:55:55 UTC] account items
[28-Mar-2021 16:55:55 UTC] Dashboard
[28-Mar-2021 16:55:55 UTC] account items
[28-Mar-2021 16:55:55 UTC] Orders
[28-Mar-2021 16:55:55 UTC] account items
[28-Mar-2021 16:55:55 UTC] Downloads
[28-Mar-2021 16:55:55 UTC] account items
[28-Mar-2021 16:55:55 UTC] Addresses
[28-Mar-2021 16:55:55 UTC] account items
[28-Mar-2021 16:55:55 UTC] Account details
[28-Mar-2021 16:55:55 UTC] account items
[28-Mar-2021 16:55:55 UTC] Wishlist
[28-Mar-2021 16:55:55 UTC] account items
[28-Mar-2021 16:55:55 UTC] Logout
[28-Mar-2021 16:56:01 UTC] variation
[28-Mar-2021 16:56:01 UTC] variation
[28-Mar-2021 16:56:01 UTC] variation
[28-Mar-2021 16:56:01 UTC] variation
[28-Mar-2021 16:56:28 UTC] account items
[28-Mar-2021 16:56:28 UTC] Dashboard
[28-Mar-2021 16:56:28 UTC] account items
[28-Mar-2021 16:56:28 UTC] Orders
[28-Mar-2021 16:56:28 UTC] account items
[28-Mar-2021 16:56:28 UTC] Downloads
[28-Mar-2021 16:56:28 UTC] account items
[28-Mar-2021 16:56:28 UTC] Addresses
[28-Mar-2021 16:56:28 UTC] account items
[28-Mar-2021 16:56:28 UTC] Account details
[28-Mar-2021 16:56:28 UTC] account items
[28-Mar-2021 16:56:28 UTC] Wishlist
[28-Mar-2021 16:56:28 UTC] account items
[28-Mar-2021 16:56:28 UTC] Logout
[28-Mar-2021 16:56:36 UTC] variation
[28-Mar-2021 16:56:36 UTC] variation
[28-Mar-2021 16:56:36 UTC] variation
[28-Mar-2021 16:56:36 UTC] variation
[28-Mar-2021 16:56:50 UTC] account items
[28-Mar-2021 16:56:50 UTC] Dashboard
[28-Mar-2021 16:56:50 UTC] account items
[28-Mar-2021 16:56:50 UTC] Orders
[28-Mar-2021 16:56:50 UTC] account items
[28-Mar-2021 16:56:50 UTC] Downloads
[28-Mar-2021 16:56:50 UTC] account items
[28-Mar-2021 16:56:50 UTC] Addresses
[28-Mar-2021 16:56:50 UTC] account items
[28-Mar-2021 16:56:50 UTC] Account details
[28-Mar-2021 16:56:50 UTC] account items
[28-Mar-2021 16:56:50 UTC] Wishlist
[28-Mar-2021 16:56:50 UTC] account items
[28-Mar-2021 16:56:50 UTC] Logout
[28-Mar-2021 16:56:56 UTC] variation
[28-Mar-2021 16:56:56 UTC] variation
[28-Mar-2021 16:56:56 UTC] variation
[28-Mar-2021 16:56:56 UTC] variation
[28-Mar-2021 16:57:23 UTC] account items
[28-Mar-2021 16:57:23 UTC] Dashboard
[28-Mar-2021 16:57:23 UTC] account items
[28-Mar-2021 16:57:23 UTC] Orders
[28-Mar-2021 16:57:23 UTC] account items
[28-Mar-2021 16:57:23 UTC] Downloads
[28-Mar-2021 16:57:23 UTC] account items
[28-Mar-2021 16:57:23 UTC] Addresses
[28-Mar-2021 16:57:23 UTC] account items
[28-Mar-2021 16:57:23 UTC] Account details
[28-Mar-2021 16:57:23 UTC] account items
[28-Mar-2021 16:57:23 UTC] Wishlist
[28-Mar-2021 16:57:23 UTC] account items
[28-Mar-2021 16:57:23 UTC] Logout
[28-Mar-2021 16:57:29 UTC] variation
[28-Mar-2021 16:57:29 UTC] variation
[28-Mar-2021 16:57:29 UTC] variation
[28-Mar-2021 16:57:29 UTC] variation
[28-Mar-2021 16:58:34 UTC] account items
[28-Mar-2021 16:58:34 UTC] Dashboard
[28-Mar-2021 16:58:34 UTC] account items
[28-Mar-2021 16:58:34 UTC] Orders
[28-Mar-2021 16:58:34 UTC] account items
[28-Mar-2021 16:58:34 UTC] Downloads
[28-Mar-2021 16:58:34 UTC] account items
[28-Mar-2021 16:58:34 UTC] Addresses
[28-Mar-2021 16:58:34 UTC] account items
[28-Mar-2021 16:58:34 UTC] Account details
[28-Mar-2021 16:58:34 UTC] account items
[28-Mar-2021 16:58:34 UTC] Wishlist
[28-Mar-2021 16:58:34 UTC] account items
[28-Mar-2021 16:58:34 UTC] Logout
[28-Mar-2021 16:58:42 UTC] variation
[28-Mar-2021 16:58:42 UTC] variation
[28-Mar-2021 16:58:42 UTC] variation
[28-Mar-2021 16:58:42 UTC] variation
[28-Mar-2021 16:58:42 UTC] account items
[28-Mar-2021 16:58:42 UTC] Dashboard
[28-Mar-2021 16:58:42 UTC] account items
[28-Mar-2021 16:58:42 UTC] Orders
[28-Mar-2021 16:58:42 UTC] account items
[28-Mar-2021 16:58:42 UTC] Downloads
[28-Mar-2021 16:58:42 UTC] account items
[28-Mar-2021 16:58:42 UTC] Addresses
[28-Mar-2021 16:58:42 UTC] account items
[28-Mar-2021 16:58:42 UTC] Account details
[28-Mar-2021 16:58:42 UTC] account items
[28-Mar-2021 16:58:42 UTC] Wishlist
[28-Mar-2021 16:58:42 UTC] account items
[28-Mar-2021 16:58:42 UTC] Logout
[28-Mar-2021 16:58:43 UTC] this user roles
[28-Mar-2021 16:58:43 UTC] Array
(
    [0] => administrator
    [1] => customer
)

[28-Mar-2021 16:58:48 UTC] variation
[28-Mar-2021 16:58:48 UTC] variation
[28-Mar-2021 16:58:49 UTC] variation
[28-Mar-2021 16:58:49 UTC] variation
[28-Mar-2021 17:00:25 UTC] account items
[28-Mar-2021 17:00:25 UTC] Dashboard
[28-Mar-2021 17:00:25 UTC] account items
[28-Mar-2021 17:00:25 UTC] Orders
[28-Mar-2021 17:00:25 UTC] account items
[28-Mar-2021 17:00:25 UTC] Downloads
[28-Mar-2021 17:00:25 UTC] account items
[28-Mar-2021 17:00:25 UTC] Addresses
[28-Mar-2021 17:00:25 UTC] account items
[28-Mar-2021 17:00:25 UTC] Account details
[28-Mar-2021 17:00:25 UTC] account items
[28-Mar-2021 17:00:25 UTC] Wishlist
[28-Mar-2021 17:00:25 UTC] account items
[28-Mar-2021 17:00:25 UTC] Logout
[28-Mar-2021 17:00:25 UTC] this user roles
[28-Mar-2021 17:00:25 UTC] Array
(
    [0] => administrator
    [1] => customer
)

[28-Mar-2021 17:00:33 UTC] variation
[28-Mar-2021 17:00:33 UTC] variation
[28-Mar-2021 17:00:33 UTC] variation
[28-Mar-2021 17:00:33 UTC] variation
[28-Mar-2021 17:05:41 UTC] account items
[28-Mar-2021 17:05:41 UTC] Dashboard
[28-Mar-2021 17:05:41 UTC] account items
[28-Mar-2021 17:05:41 UTC] Orders
[28-Mar-2021 17:05:41 UTC] account items
[28-Mar-2021 17:05:41 UTC] Downloads
[28-Mar-2021 17:05:41 UTC] account items
[28-Mar-2021 17:05:41 UTC] Addresses
[28-Mar-2021 17:05:41 UTC] account items
[28-Mar-2021 17:05:41 UTC] Account details
[28-Mar-2021 17:05:41 UTC] account items
[28-Mar-2021 17:05:41 UTC] Wishlist
[28-Mar-2021 17:05:41 UTC] account items
[28-Mar-2021 17:05:41 UTC] Logout
[28-Mar-2021 17:05:41 UTC] this user roles
[28-Mar-2021 17:05:41 UTC] Array
(
    [0] => administrator
    [1] => customer
)

[28-Mar-2021 17:05:51 UTC] variation
[28-Mar-2021 17:05:51 UTC] variation
[28-Mar-2021 17:05:51 UTC] variation
[28-Mar-2021 17:05:51 UTC] variation
[28-Mar-2021 17:17:30 UTC] account items
[28-Mar-2021 17:17:30 UTC] Dashboard
[28-Mar-2021 17:17:30 UTC] account items
[28-Mar-2021 17:17:30 UTC] Orders
[28-Mar-2021 17:17:30 UTC] account items
[28-Mar-2021 17:17:30 UTC] Downloads
[28-Mar-2021 17:17:30 UTC] account items
[28-Mar-2021 17:17:30 UTC] Addresses
[28-Mar-2021 17:17:30 UTC] account items
[28-Mar-2021 17:17:30 UTC] Account details
[28-Mar-2021 17:17:30 UTC] account items
[28-Mar-2021 17:17:30 UTC] Wishlist
[28-Mar-2021 17:17:30 UTC] account items
[28-Mar-2021 17:17:30 UTC] Logout
[28-Mar-2021 17:17:30 UTC] this user roles
[28-Mar-2021 17:17:30 UTC] Array
(
    [0] => administrator
    [1] => customer
)

[28-Mar-2021 17:17:39 UTC] variation
[28-Mar-2021 17:17:39 UTC] variation
[28-Mar-2021 17:17:39 UTC] variation
[28-Mar-2021 17:17:39 UTC] variation
[28-Mar-2021 17:18:42 UTC] account items
[28-Mar-2021 17:18:42 UTC] Dashboard
[28-Mar-2021 17:18:42 UTC] account items
[28-Mar-2021 17:18:42 UTC] Orders
[28-Mar-2021 17:18:42 UTC] account items
[28-Mar-2021 17:18:42 UTC] Downloads
[28-Mar-2021 17:18:42 UTC] account items
[28-Mar-2021 17:18:42 UTC] Addresses
[28-Mar-2021 17:18:42 UTC] account items
[28-Mar-2021 17:18:42 UTC] Account details
[28-Mar-2021 17:18:42 UTC] account items
[28-Mar-2021 17:18:42 UTC] Wishlist
[28-Mar-2021 17:18:42 UTC] account items
[28-Mar-2021 17:18:42 UTC] Logout
[28-Mar-2021 17:18:42 UTC] this user roles
[28-Mar-2021 17:18:42 UTC] Array
(
    [0] => administrator
    [1] => customer
)

[28-Mar-2021 17:18:49 UTC] variation
[28-Mar-2021 17:18:49 UTC] variation
[28-Mar-2021 17:18:49 UTC] variation
[28-Mar-2021 17:18:49 UTC] variation
[28-Mar-2021 17:19:32 UTC] account items
[28-Mar-2021 17:19:32 UTC] Dashboard
[28-Mar-2021 17:19:32 UTC] account items
[28-Mar-2021 17:19:32 UTC] Orders
[28-Mar-2021 17:19:32 UTC] account items
[28-Mar-2021 17:19:32 UTC] Downloads
[28-Mar-2021 17:19:32 UTC] account items
[28-Mar-2021 17:19:32 UTC] Addresses
[28-Mar-2021 17:19:32 UTC] account items
[28-Mar-2021 17:19:32 UTC] Account details
[28-Mar-2021 17:19:32 UTC] account items
[28-Mar-2021 17:19:32 UTC] Wishlist
[28-Mar-2021 17:19:32 UTC] account items
[28-Mar-2021 17:19:32 UTC] Logout
[28-Mar-2021 17:19:32 UTC] this user roles
[28-Mar-2021 17:19:32 UTC] Array
(
    [0] => administrator
    [1] => customer
)

[28-Mar-2021 17:19:38 UTC] variation
[28-Mar-2021 17:19:38 UTC] variation
[28-Mar-2021 17:19:38 UTC] variation
[28-Mar-2021 17:19:38 UTC] variation
[28-Mar-2021 17:19:42 UTC] account items
[28-Mar-2021 17:19:42 UTC] Dashboard
[28-Mar-2021 17:19:42 UTC] account items
[28-Mar-2021 17:19:42 UTC] Orders
[28-Mar-2021 17:19:42 UTC] account items
[28-Mar-2021 17:19:42 UTC] Downloads
[28-Mar-2021 17:19:42 UTC] account items
[28-Mar-2021 17:19:42 UTC] Addresses
[28-Mar-2021 17:19:42 UTC] account items
[28-Mar-2021 17:19:42 UTC] Account details
[28-Mar-2021 17:19:42 UTC] account items
[28-Mar-2021 17:19:42 UTC] Wishlist
[28-Mar-2021 17:19:42 UTC] account items
[28-Mar-2021 17:19:42 UTC] Logout
[28-Mar-2021 17:19:48 UTC] variation
[28-Mar-2021 17:19:48 UTC] variation
[28-Mar-2021 17:19:48 UTC] variation
[28-Mar-2021 17:19:48 UTC] variation
[28-Mar-2021 17:19:56 UTC] account items
[28-Mar-2021 17:19:56 UTC] Dashboard
[28-Mar-2021 17:19:56 UTC] account items
[28-Mar-2021 17:19:56 UTC] Orders
[28-Mar-2021 17:19:56 UTC] account items
[28-Mar-2021 17:19:56 UTC] Downloads
[28-Mar-2021 17:19:56 UTC] account items
[28-Mar-2021 17:19:56 UTC] Addresses
[28-Mar-2021 17:19:56 UTC] account items
[28-Mar-2021 17:19:56 UTC] Account details
[28-Mar-2021 17:19:56 UTC] account items
[28-Mar-2021 17:19:56 UTC] Wishlist
[28-Mar-2021 17:19:56 UTC] account items
[28-Mar-2021 17:19:56 UTC] Logout
[28-Mar-2021 17:19:56 UTC] this user roles
[28-Mar-2021 17:19:56 UTC] Array
(
    [0] => administrator
    [1] => customer
)

[28-Mar-2021 17:20:02 UTC] variation
[28-Mar-2021 17:20:02 UTC] variation
[28-Mar-2021 17:20:02 UTC] variation
[28-Mar-2021 17:20:02 UTC] variation
[28-Mar-2021 17:33:39 UTC] account items
[28-Mar-2021 17:33:39 UTC] Dashboard
[28-Mar-2021 17:33:39 UTC] account items
[28-Mar-2021 17:33:39 UTC] Orders
[28-Mar-2021 17:33:39 UTC] account items
[28-Mar-2021 17:33:39 UTC] Downloads
[28-Mar-2021 17:33:39 UTC] account items
[28-Mar-2021 17:33:39 UTC] Addresses
[28-Mar-2021 17:33:39 UTC] account items
[28-Mar-2021 17:33:39 UTC] Account details
[28-Mar-2021 17:33:39 UTC] account items
[28-Mar-2021 17:33:39 UTC] Wishlist
[28-Mar-2021 17:33:39 UTC] account items
[28-Mar-2021 17:33:39 UTC] Logout
[28-Mar-2021 17:33:39 UTC] this user roles
[28-Mar-2021 17:33:39 UTC] Array
(
    [0] => administrator
    [1] => customer
)

[28-Mar-2021 17:33:46 UTC] variation
[28-Mar-2021 17:33:46 UTC] variation
[28-Mar-2021 17:33:46 UTC] variation
[28-Mar-2021 17:33:46 UTC] variation
[28-Mar-2021 17:33:46 UTC] account items
[28-Mar-2021 17:33:46 UTC] Dashboard
[28-Mar-2021 17:33:46 UTC] account items
[28-Mar-2021 17:33:46 UTC] Orders
[28-Mar-2021 17:33:46 UTC] account items
[28-Mar-2021 17:33:46 UTC] Downloads
[28-Mar-2021 17:33:46 UTC] account items
[28-Mar-2021 17:33:46 UTC] Addresses
[28-Mar-2021 17:33:46 UTC] account items
[28-Mar-2021 17:33:46 UTC] Account details
[28-Mar-2021 17:33:46 UTC] account items
[28-Mar-2021 17:33:46 UTC] Wishlist
[28-Mar-2021 17:33:46 UTC] account items
[28-Mar-2021 17:33:46 UTC] Logout
[28-Mar-2021 17:33:52 UTC] variation
[28-Mar-2021 17:33:52 UTC] variation
[28-Mar-2021 17:33:52 UTC] variation
[28-Mar-2021 17:33:52 UTC] variation
[28-Mar-2021 17:34:06 UTC] variation
[28-Mar-2021 17:34:06 UTC] variation
[28-Mar-2021 17:34:06 UTC] variation
[28-Mar-2021 17:34:06 UTC] variation
[28-Mar-2021 17:34:35 UTC] variation
[28-Mar-2021 17:34:35 UTC] variation
[28-Mar-2021 17:34:35 UTC] variation
[28-Mar-2021 17:34:36 UTC] variation
[28-Mar-2021 17:34:46 UTC] variation
[28-Mar-2021 17:34:46 UTC] variation
[28-Mar-2021 17:34:46 UTC] variation
[28-Mar-2021 17:34:46 UTC] variation
[28-Mar-2021 17:34:50 UTC] account items
[28-Mar-2021 17:34:50 UTC] Dashboard
[28-Mar-2021 17:34:50 UTC] account items
[28-Mar-2021 17:34:50 UTC] Orders
[28-Mar-2021 17:34:50 UTC] account items
[28-Mar-2021 17:34:50 UTC] Downloads
[28-Mar-2021 17:34:50 UTC] account items
[28-Mar-2021 17:34:50 UTC] Addresses
[28-Mar-2021 17:34:50 UTC] account items
[28-Mar-2021 17:34:50 UTC] Account details
[28-Mar-2021 17:34:50 UTC] account items
[28-Mar-2021 17:34:50 UTC] Wishlist
[28-Mar-2021 17:34:50 UTC] account items
[28-Mar-2021 17:34:50 UTC] Logout
[28-Mar-2021 17:34:55 UTC] variation
[28-Mar-2021 17:34:55 UTC] variation
[28-Mar-2021 17:34:55 UTC] variation
[28-Mar-2021 17:34:55 UTC] variation
[28-Mar-2021 17:36:29 UTC] account items
[28-Mar-2021 17:36:29 UTC] Dashboard
[28-Mar-2021 17:36:29 UTC] account items
[28-Mar-2021 17:36:29 UTC] Orders
[28-Mar-2021 17:36:29 UTC] account items
[28-Mar-2021 17:36:29 UTC] Downloads
[28-Mar-2021 17:36:29 UTC] account items
[28-Mar-2021 17:36:29 UTC] Addresses
[28-Mar-2021 17:36:29 UTC] account items
[28-Mar-2021 17:36:29 UTC] Account details
[28-Mar-2021 17:36:29 UTC] account items
[28-Mar-2021 17:36:29 UTC] Wishlist
[28-Mar-2021 17:36:29 UTC] account items
[28-Mar-2021 17:36:29 UTC] Logout
[28-Mar-2021 17:36:29 UTC] this user roles
[28-Mar-2021 17:36:29 UTC] Array
(
    [0] => administrator
    [1] => customer
)

[28-Mar-2021 17:36:37 UTC] variation
[28-Mar-2021 17:36:37 UTC] variation
[28-Mar-2021 17:36:37 UTC] variation
[28-Mar-2021 17:36:37 UTC] variation
[28-Mar-2021 17:37:04 UTC] account items
[28-Mar-2021 17:37:04 UTC] Dashboard
[28-Mar-2021 17:37:04 UTC] account items
[28-Mar-2021 17:37:04 UTC] Orders
[28-Mar-2021 17:37:04 UTC] account items
[28-Mar-2021 17:37:04 UTC] Downloads
[28-Mar-2021 17:37:04 UTC] account items
[28-Mar-2021 17:37:04 UTC] Addresses
[28-Mar-2021 17:37:04 UTC] account items
[28-Mar-2021 17:37:04 UTC] Account details
[28-Mar-2021 17:37:04 UTC] account items
[28-Mar-2021 17:37:04 UTC] Wishlist
[28-Mar-2021 17:37:04 UTC] account items
[28-Mar-2021 17:37:04 UTC] Logout
[28-Mar-2021 17:37:11 UTC] variation
[28-Mar-2021 17:37:11 UTC] variation
[28-Mar-2021 17:37:11 UTC] variation
[28-Mar-2021 17:37:11 UTC] variation
[28-Mar-2021 17:37:12 UTC] account items
[28-Mar-2021 17:37:12 UTC] Dashboard
[28-Mar-2021 17:37:12 UTC] account items
[28-Mar-2021 17:37:12 UTC] Orders
[28-Mar-2021 17:37:12 UTC] account items
[28-Mar-2021 17:37:12 UTC] Downloads
[28-Mar-2021 17:37:12 UTC] account items
[28-Mar-2021 17:37:12 UTC] Addresses
[28-Mar-2021 17:37:12 UTC] account items
[28-Mar-2021 17:37:12 UTC] Account details
[28-Mar-2021 17:37:12 UTC] account items
[28-Mar-2021 17:37:12 UTC] Wishlist
[28-Mar-2021 17:37:12 UTC] account items
[28-Mar-2021 17:37:12 UTC] Logout
[28-Mar-2021 17:37:18 UTC] variation
[28-Mar-2021 17:37:18 UTC] variation
[28-Mar-2021 17:37:18 UTC] variation
[28-Mar-2021 17:37:18 UTC] variation
[28-Mar-2021 17:37:25 UTC] variation
[28-Mar-2021 17:37:25 UTC] variation
[28-Mar-2021 17:37:25 UTC] variation
[28-Mar-2021 17:37:25 UTC] variation
[28-Mar-2021 17:39:54 UTC] variation
[28-Mar-2021 17:39:54 UTC] variation
[28-Mar-2021 17:39:54 UTC] variation
[28-Mar-2021 17:39:54 UTC] variation
[28-Mar-2021 17:39:57 UTC] variation
[28-Mar-2021 17:39:57 UTC] variation
[28-Mar-2021 17:39:57 UTC] variation
[28-Mar-2021 17:39:57 UTC] variation
[28-Mar-2021 17:39:57 UTC] variation
[28-Mar-2021 17:39:57 UTC] variation
[28-Mar-2021 17:39:57 UTC] variation
[28-Mar-2021 17:39:57 UTC] variation
[28-Mar-2021 17:40:03 UTC] cartCountBefore2
[28-Mar-2021 17:40:03 UTC] cartCountAfter3
[28-Mar-2021 17:40:03 UTC] selected_key: fba45f946de12c2bd828181a932b8377
[28-Mar-2021 17:40:04 UTC] variation
[28-Mar-2021 17:40:04 UTC] variation
[28-Mar-2021 17:40:04 UTC] variation
[28-Mar-2021 17:40:04 UTC] variation
[28-Mar-2021 17:40:06 UTC] variation
[28-Mar-2021 17:40:06 UTC] variation
[28-Mar-2021 17:40:06 UTC] variation
[28-Mar-2021 17:40:07 UTC] variation
[28-Mar-2021 17:40:07 UTC] variation
[28-Mar-2021 17:40:07 UTC] variation
[28-Mar-2021 17:40:07 UTC] variation
[28-Mar-2021 17:40:07 UTC] variation
[28-Mar-2021 17:40:10 UTC] cartCountBefore2
[28-Mar-2021 17:40:10 UTC] cartCountAfter3
[28-Mar-2021 17:40:10 UTC] selected_key: cbf8b68e2a7e1677bc4610dd01a246ba
[28-Mar-2021 17:40:10 UTC] variation
[28-Mar-2021 17:40:10 UTC] variation
[28-Mar-2021 17:40:10 UTC] variation
[28-Mar-2021 17:40:10 UTC] variation
[28-Mar-2021 17:40:13 UTC] variation
[28-Mar-2021 17:40:13 UTC] variation
[28-Mar-2021 17:40:13 UTC] variation
[28-Mar-2021 17:40:13 UTC] variation
[28-Mar-2021 17:40:13 UTC] variation
[28-Mar-2021 17:40:13 UTC] variation
[28-Mar-2021 17:40:13 UTC] variation
[28-Mar-2021 17:40:13 UTC] variation
[28-Mar-2021 17:40:16 UTC] cartCountBefore2
[28-Mar-2021 17:40:16 UTC] cartCountAfter3
[28-Mar-2021 17:40:16 UTC] selected_key: 47f20ce2e59e0985916eb202dd8004ee
[28-Mar-2021 17:40:16 UTC] variation
[28-Mar-2021 17:40:16 UTC] variation
[28-Mar-2021 17:40:16 UTC] variation
[28-Mar-2021 17:40:16 UTC] variation
[28-Mar-2021 17:40:19 UTC] variation
[28-Mar-2021 17:40:19 UTC] variation
[28-Mar-2021 17:40:19 UTC] variation
[28-Mar-2021 17:40:19 UTC] variation
[28-Mar-2021 17:40:19 UTC] variation
[28-Mar-2021 17:40:19 UTC] variation
[28-Mar-2021 17:40:19 UTC] variation
[28-Mar-2021 17:40:19 UTC] variation
[28-Mar-2021 17:40:24 UTC] cartCountBefore2
[28-Mar-2021 17:40:24 UTC] cartCountAfter3
[28-Mar-2021 17:40:24 UTC] selected_key: 73d3f58bd29ef8649e53b2e5458dac47
[28-Mar-2021 17:40:24 UTC] variation
[28-Mar-2021 17:40:24 UTC] variation
[28-Mar-2021 17:40:24 UTC] variation
[28-Mar-2021 17:40:24 UTC] variation
[28-Mar-2021 17:40:27 UTC] variation
[28-Mar-2021 17:40:27 UTC] variation
[28-Mar-2021 17:40:27 UTC] variation
[28-Mar-2021 17:40:27 UTC] variation
[28-Mar-2021 17:40:27 UTC] variation
[28-Mar-2021 17:40:27 UTC] variation
[28-Mar-2021 17:40:27 UTC] variation
[28-Mar-2021 17:40:27 UTC] variation
[28-Mar-2021 17:40:56 UTC] PHP Warning:  call_user_func_array() expects parameter 1 to be a valid callback, function 'wac_enqueue_scripts' not found or invalid function name in C:\xampp\htdocs\eshop\wp-includes\class-wp-hook.php on line 287
[28-Mar-2021 17:40:56 UTC] variation
[28-Mar-2021 17:40:56 UTC] variation
[28-Mar-2021 17:40:56 UTC] variation
[28-Mar-2021 17:40:57 UTC] variation
[28-Mar-2021 17:42:00 UTC] variation
[28-Mar-2021 17:42:00 UTC] variation
[28-Mar-2021 17:42:00 UTC] variation
[28-Mar-2021 17:42:00 UTC] variation
[28-Mar-2021 17:44:22 UTC] PHP Warning:  call_user_func_array() expects parameter 1 to be a valid callback, function 'wac_enqueue_scripts' not found or invalid function name in C:\xampp\htdocs\eshop\wp-includes\class-wp-hook.php on line 287
[28-Mar-2021 17:44:22 UTC] variation
[28-Mar-2021 17:44:23 UTC] variation
[28-Mar-2021 17:44:23 UTC] variation
[28-Mar-2021 17:44:23 UTC] variation
[28-Mar-2021 17:45:22 UTC] cartCountBefore2
[28-Mar-2021 17:45:22 UTC] cartCountAfter3
[28-Mar-2021 17:45:22 UTC] selected_key: d8edb955470ec5310a990ef002bd6bc5
[28-Mar-2021 17:45:23 UTC] variation
[28-Mar-2021 17:45:23 UTC] variation
[28-Mar-2021 17:45:23 UTC] variation
[28-Mar-2021 17:45:23 UTC] variation
[28-Mar-2021 17:45:27 UTC] variation
[28-Mar-2021 17:45:27 UTC] variation
[28-Mar-2021 17:45:27 UTC] variation
[28-Mar-2021 17:45:27 UTC] variation
[28-Mar-2021 17:45:27 UTC] variation
[28-Mar-2021 17:45:27 UTC] variation
[28-Mar-2021 17:45:27 UTC] variation
[28-Mar-2021 17:45:27 UTC] variation
[28-Mar-2021 17:45:29 UTC] cartCountBefore2
[28-Mar-2021 17:45:29 UTC] cartCountAfter3
[28-Mar-2021 17:45:29 UTC] selected_key: 7812af8ae7b35e321e8448c2d1540dad
[28-Mar-2021 17:45:30 UTC] variation
[28-Mar-2021 17:45:30 UTC] variation
[28-Mar-2021 17:45:30 UTC] variation
[28-Mar-2021 17:45:30 UTC] variation
[28-Mar-2021 17:45:33 UTC] variation
[28-Mar-2021 17:45:33 UTC] variation
[28-Mar-2021 17:45:33 UTC] variation
[28-Mar-2021 17:45:33 UTC] variation
[28-Mar-2021 17:45:34 UTC] variation
[28-Mar-2021 17:45:34 UTC] variation
[28-Mar-2021 17:45:34 UTC] variation
[28-Mar-2021 17:45:34 UTC] variation
[28-Mar-2021 17:45:38 UTC] cartCountBefore2
[28-Mar-2021 17:45:38 UTC] cartCountAfter3
[28-Mar-2021 17:45:38 UTC] selected_key: cbf8b68e2a7e1677bc4610dd01a246ba
[28-Mar-2021 17:45:38 UTC] variation
[28-Mar-2021 17:45:38 UTC] variation
[28-Mar-2021 17:45:38 UTC] variation
[28-Mar-2021 17:45:38 UTC] variation
[28-Mar-2021 17:45:41 UTC] variation
[28-Mar-2021 17:45:41 UTC] variation
[28-Mar-2021 17:45:41 UTC] variation
[28-Mar-2021 17:45:41 UTC] variation
[28-Mar-2021 17:45:41 UTC] variation
[28-Mar-2021 17:45:41 UTC] variation
[28-Mar-2021 17:45:41 UTC] variation
[28-Mar-2021 17:45:41 UTC] variation
[28-Mar-2021 17:45:50 UTC] variation
[28-Mar-2021 17:45:50 UTC] variation
[28-Mar-2021 17:45:51 UTC] variation
[28-Mar-2021 17:45:51 UTC] variation
[28-Mar-2021 17:45:53 UTC] variation
[28-Mar-2021 17:45:53 UTC] variation
[28-Mar-2021 17:45:53 UTC] variation
[28-Mar-2021 17:45:53 UTC] variation
[28-Mar-2021 17:45:53 UTC] variation
[28-Mar-2021 17:45:53 UTC] variation
[28-Mar-2021 17:45:53 UTC] variation
[28-Mar-2021 17:45:53 UTC] variation
[28-Mar-2021 17:46:12 UTC] variation
[28-Mar-2021 17:46:12 UTC] variation
[28-Mar-2021 17:46:12 UTC] variation
[28-Mar-2021 17:46:12 UTC] variation
[28-Mar-2021 17:46:14 UTC] variation
[28-Mar-2021 17:46:15 UTC] variation
[28-Mar-2021 17:46:15 UTC] variation
[28-Mar-2021 17:46:15 UTC] variation
[28-Mar-2021 17:46:15 UTC] variation
[28-Mar-2021 17:46:15 UTC] variation
[28-Mar-2021 17:46:15 UTC] variation
[28-Mar-2021 17:46:15 UTC] variation
[28-Mar-2021 17:48:05 UTC] cartCountBefore2
[28-Mar-2021 17:48:05 UTC] cartCountAfter3
[28-Mar-2021 17:48:05 UTC] selected_key: c0795989eebaacc1ccd3c34b9462b0b7
[28-Mar-2021 17:48:05 UTC] variation
[28-Mar-2021 17:48:05 UTC] variation
[28-Mar-2021 17:48:05 UTC] variation
[28-Mar-2021 17:48:06 UTC] variation
[28-Mar-2021 17:48:08 UTC] variation
[28-Mar-2021 17:48:08 UTC] variation
[28-Mar-2021 17:48:08 UTC] variation
[28-Mar-2021 17:48:08 UTC] variation
[28-Mar-2021 17:48:08 UTC] variation
[28-Mar-2021 17:48:08 UTC] variation
[28-Mar-2021 17:48:08 UTC] variation
[28-Mar-2021 17:48:08 UTC] variation
[28-Mar-2021 17:48:43 UTC] cartCountBefore2
[28-Mar-2021 17:48:43 UTC] cartCountAfter3
[28-Mar-2021 17:48:43 UTC] selected_key: d8edb955470ec5310a990ef002bd6bc5
[28-Mar-2021 17:48:44 UTC] variation
[28-Mar-2021 17:48:44 UTC] variation
[28-Mar-2021 17:48:44 UTC] variation
[28-Mar-2021 17:48:44 UTC] variation
[28-Mar-2021 17:48:47 UTC] variation
[28-Mar-2021 17:48:47 UTC] variation
[28-Mar-2021 17:48:47 UTC] variation
[28-Mar-2021 17:48:47 UTC] variation
[28-Mar-2021 17:48:47 UTC] variation
[28-Mar-2021 17:48:47 UTC] variation
[28-Mar-2021 17:48:47 UTC] variation
[28-Mar-2021 17:48:47 UTC] variation
[28-Mar-2021 17:48:56 UTC] variation
[28-Mar-2021 17:48:56 UTC] variation
[28-Mar-2021 17:48:56 UTC] variation
[28-Mar-2021 17:48:56 UTC] variation
[28-Mar-2021 17:48:58 UTC] variation
[28-Mar-2021 17:48:58 UTC] variation
[28-Mar-2021 17:48:58 UTC] variation
[28-Mar-2021 17:48:58 UTC] variation
[28-Mar-2021 17:48:58 UTC] variation
[28-Mar-2021 17:48:58 UTC] variation
[28-Mar-2021 17:48:58 UTC] variation
[28-Mar-2021 17:48:58 UTC] variation
[28-Mar-2021 17:49:06 UTC] variation
[28-Mar-2021 17:49:06 UTC] variation
[28-Mar-2021 17:49:06 UTC] variation
[28-Mar-2021 17:49:06 UTC] variation
[28-Mar-2021 17:49:09 UTC] variation
[28-Mar-2021 17:49:09 UTC] variation
[28-Mar-2021 17:49:09 UTC] variation
[28-Mar-2021 17:49:09 UTC] variation
[28-Mar-2021 17:49:09 UTC] variation
[28-Mar-2021 17:49:09 UTC] variation
[28-Mar-2021 17:49:09 UTC] variation
[28-Mar-2021 17:49:09 UTC] variation
[28-Mar-2021 17:50:21 UTC] account items
[28-Mar-2021 17:50:21 UTC] Dashboard
[28-Mar-2021 17:50:21 UTC] account items
[28-Mar-2021 17:50:21 UTC] Orders
[28-Mar-2021 17:50:21 UTC] account items
[28-Mar-2021 17:50:21 UTC] Downloads
[28-Mar-2021 17:50:21 UTC] account items
[28-Mar-2021 17:50:21 UTC] Addresses
[28-Mar-2021 17:50:21 UTC] account items
[28-Mar-2021 17:50:21 UTC] Account details
[28-Mar-2021 17:50:21 UTC] account items
[28-Mar-2021 17:50:21 UTC] Wishlist
[28-Mar-2021 17:50:21 UTC] account items
[28-Mar-2021 17:50:21 UTC] Logout
[28-Mar-2021 17:50:28 UTC] variation
[28-Mar-2021 17:50:28 UTC] variation
[28-Mar-2021 17:50:28 UTC] variation
[28-Mar-2021 17:50:28 UTC] variation
[28-Mar-2021 17:50:38 UTC] variation
[28-Mar-2021 17:50:38 UTC] variation
[28-Mar-2021 17:50:38 UTC] variation
[28-Mar-2021 17:50:38 UTC] variation
[28-Mar-2021 17:51:12 UTC] PHP Warning:  call_user_func_array() expects parameter 1 to be a valid callback, function 'wac_enqueue_scripts' not found or invalid function name in C:\xampp\htdocs\eshop\wp-includes\class-wp-hook.php on line 287
[28-Mar-2021 17:51:12 UTC] variation
[28-Mar-2021 17:51:12 UTC] variation
[28-Mar-2021 17:51:12 UTC] variation
[28-Mar-2021 17:51:12 UTC] variation
[28-Mar-2021 17:51:25 UTC] variation
[28-Mar-2021 17:51:25 UTC] variation
[28-Mar-2021 17:51:25 UTC] variation
[28-Mar-2021 17:51:25 UTC] variation
[29-Mar-2021 16:55:16 UTC] PHP Notice:  Undefined property: WP_Post_Type::$term_id in C:\xampp\htdocs\eshop\wp-content\themes\leto-customized\functions.php on line 177
[29-Mar-2021 16:55:22 UTC] variation
[29-Mar-2021 16:55:22 UTC] variation
[29-Mar-2021 16:55:22 UTC] variation
[29-Mar-2021 16:55:22 UTC] variation
[29-Mar-2021 16:55:23 UTC] variation
[29-Mar-2021 16:55:23 UTC] variation
[29-Mar-2021 16:55:23 UTC] variation
[29-Mar-2021 16:55:23 UTC] variation
[29-Mar-2021 16:56:57 UTC] cartCountBefore2
[29-Mar-2021 16:56:57 UTC] cartCountAfter3
[29-Mar-2021 16:56:57 UTC] selected_key: c0795989eebaacc1ccd3c34b9462b0b7
[29-Mar-2021 16:56:58 UTC] variation
[29-Mar-2021 16:56:58 UTC] variation
[29-Mar-2021 16:56:58 UTC] variation
[29-Mar-2021 16:56:58 UTC] variation
[29-Mar-2021 16:57:13 UTC] variation
[29-Mar-2021 16:57:13 UTC] variation
[29-Mar-2021 16:57:13 UTC] variation
[29-Mar-2021 16:57:13 UTC] variation
[29-Mar-2021 16:57:14 UTC] account items
[29-Mar-2021 16:57:14 UTC] Dashboard
[29-Mar-2021 16:57:14 UTC] account items
[29-Mar-2021 16:57:14 UTC] Orders
[29-Mar-2021 16:57:14 UTC] account items
[29-Mar-2021 16:57:14 UTC] Downloads
[29-Mar-2021 16:57:14 UTC] account items
[29-Mar-2021 16:57:14 UTC] Addresses
[29-Mar-2021 16:57:14 UTC] account items
[29-Mar-2021 16:57:14 UTC] Account details
[29-Mar-2021 16:57:14 UTC] account items
[29-Mar-2021 16:57:14 UTC] Wishlist
[29-Mar-2021 16:57:14 UTC] account items
[29-Mar-2021 16:57:14 UTC] Logout
[29-Mar-2021 16:57:20 UTC] variation
[29-Mar-2021 16:57:20 UTC] variation
[29-Mar-2021 16:57:20 UTC] variation
[29-Mar-2021 16:57:20 UTC] variation
[29-Mar-2021 16:57:26 UTC] account items
[29-Mar-2021 16:57:26 UTC] Dashboard
[29-Mar-2021 16:57:26 UTC] account items
[29-Mar-2021 16:57:26 UTC] Orders
[29-Mar-2021 16:57:26 UTC] account items
[29-Mar-2021 16:57:26 UTC] Downloads
[29-Mar-2021 16:57:26 UTC] account items
[29-Mar-2021 16:57:26 UTC] Addresses
[29-Mar-2021 16:57:26 UTC] account items
[29-Mar-2021 16:57:26 UTC] Account details
[29-Mar-2021 16:57:26 UTC] account items
[29-Mar-2021 16:57:26 UTC] Wishlist
[29-Mar-2021 16:57:26 UTC] account items
[29-Mar-2021 16:57:26 UTC] Logout
[29-Mar-2021 16:57:35 UTC] account items
[29-Mar-2021 16:57:35 UTC] Dashboard
[29-Mar-2021 16:57:35 UTC] account items
[29-Mar-2021 16:57:35 UTC] Orders
[29-Mar-2021 16:57:35 UTC] account items
[29-Mar-2021 16:57:36 UTC] Downloads
[29-Mar-2021 16:57:36 UTC] account items
[29-Mar-2021 16:57:36 UTC] Addresses
[29-Mar-2021 16:57:36 UTC] account items
[29-Mar-2021 16:57:36 UTC] Account details
[29-Mar-2021 16:57:36 UTC] account items
[29-Mar-2021 16:57:36 UTC] Wishlist
[29-Mar-2021 16:57:36 UTC] account items
[29-Mar-2021 16:57:36 UTC] Logout
[29-Mar-2021 16:57:36 UTC] this user roles
[29-Mar-2021 16:57:36 UTC] Array
(
    [0] => administrator
    [1] => customer
)

[29-Mar-2021 16:57:37 UTC] variation
[29-Mar-2021 16:57:37 UTC] variation
[29-Mar-2021 16:57:37 UTC] variation
[29-Mar-2021 16:57:37 UTC] variation
