2020-12-24T01:08:58+00:00 CRITICAL Uncaught Error: Call to undefined method WC_Product_Variable::gettype() in C:\xampp\htdocs\eshop\wp-content\themes\leto-customized\woocommerce\loop\add-to-cart.php:22
Stack trace:
#0 C:\xampp\htdocs\eshop\wp-content\plugins\woocommerce\includes\wc-core-functions.php(345): include()
#1 C:\xampp\htdocs\eshop\wp-content\themes\leto-customized\functions.php(70): wc_get_template('loop/add-to-car...', Array)
#2 C:\xampp\htdocs\eshop\wp-includes\class-wp-hook.php(287): custom_loop_add_to_cart(Array)
#3 C:\xampp\htdocs\eshop\wp-includes\class-wp-hook.php(311): WP_Hook->apply_filters('', Array)
#4 C:\xampp\htdocs\eshop\wp-includes\plugin.php(484): WP_Hook->do_action(Array)
#5 C:\xampp\htdocs\eshop\wp-content\plugins\woocommerce\templates\content-product.php(65): do_action('woocommerce_aft...')
#6 C:\xampp\htdocs\eshop\wp-includes\template.php(732): require('C:\\xampp\\htdocs...')
#7 C:\xampp\htdocs\eshop\wp-content\plugins\woocommerce\includes\wc-core-functions.php(284): load_template('C:\\xampp\\htdocs...', false)
#8 in C:\xampp\htdocs\eshop\wp-content\themes\leto-customized\woocommerce\loop\add-to-cart.php on line 22

2020-12-24T14:51:34+00:00 CRITICAL syntax error, unexpected ';', expecting ')' in C:\xampp\htdocs\eshop\wp-content\themes\leto-customized\woocommerce\loop\add-to-cart.php on line 41

2020-12-24T14:53:51+00:00 CRITICAL Uncaught Error: Using $this when not in object context in C:\xampp\htdocs\eshop\wp-content\themes\leto-customized\woocommerce\loop\add-to-cart.php:38
Stack trace:
#0 C:\xampp\htdocs\eshop\wp-content\plugins\woocommerce\includes\wc-core-functions.php(345): include()
#1 C:\xampp\htdocs\eshop\wp-content\themes\leto-customized\functions.php(70): wc_get_template('loop/add-to-car...', Array)
#2 C:\xampp\htdocs\eshop\wp-includes\class-wp-hook.php(287): custom_loop_add_to_cart(Array)
#3 C:\xampp\htdocs\eshop\wp-includes\class-wp-hook.php(311): WP_Hook->apply_filters('', Array)
#4 C:\xampp\htdocs\eshop\wp-includes\plugin.php(484): WP_Hook->do_action(Array)
#5 C:\xampp\htdocs\eshop\wp-content\plugins\woocommerce\templates\content-product.php(65): do_action('woocommerce_aft...')
#6 C:\xampp\htdocs\eshop\wp-includes\template.php(732): require('C:\\xampp\\htdocs...')
#7 C:\xampp\htdocs\eshop\wp-content\plugins\woocommerce\includes\wc-core-functions.php(284): load_template('C:\\xampp\\htdocs...', false)
#8 C:\xampp\htdocs\ in C:\xampp\htdocs\eshop\wp-content\themes\leto-customized\woocommerce\loop\add-to-cart.php on line 38

2020-12-24T21:34:53+00:00 CRITICAL syntax error, unexpected '/' in C:\xampp\htdocs\eshop\wp-content\themes\leto-customized\functions.php on line 17

