2020-12-31T20:16:31+00:00 CRITICAL syntax error, unexpected '}' in C:\xampp\htdocs\eshop\wp-content\themes\leto-customized\functions.php on line 123

2020-12-31T20:18:32+00:00 CRITICAL syntax error, unexpected '}' in C:\xampp\htdocs\eshop\wp-content\themes\leto-customized\functions.php on line 123

2020-12-31T20:20:33+00:00 CRITICAL syntax error, unexpected '}' in C:\xampp\htdocs\eshop\wp-content\themes\leto-customized\functions.php on line 123

2020-12-31T20:24:35+00:00 CRITICAL syntax error, unexpected '}' in C:\xampp\htdocs\eshop\wp-content\themes\leto-customized\custom\custom-sidecart-variations-form.php on line 36

2020-12-31T20:26:36+00:00 CRITICAL syntax error, unexpected '}' in C:\xampp\htdocs\eshop\wp-content\themes\leto-customized\custom\custom-sidecart-variations-form.php on line 36

2020-12-31T20:28:37+00:00 CRITICAL syntax error, unexpected '}' in C:\xampp\htdocs\eshop\wp-content\themes\leto-customized\custom\custom-sidecart-variations-form.php on line 39

2020-12-31T20:30:38+00:00 CRITICAL syntax error, unexpected '}' in C:\xampp\htdocs\eshop\wp-content\themes\leto-customized\custom\custom-sidecart-variations-form.php on line 39

2020-12-31T20:32:39+00:00 CRITICAL syntax error, unexpected '}' in C:\xampp\htdocs\eshop\wp-content\themes\leto-customized\custom\custom-sidecart-variations-form.php on line 39

2020-12-31T20:34:40+00:00 CRITICAL syntax error, unexpected '}' in C:\xampp\htdocs\eshop\wp-content\themes\leto-customized\custom\custom-sidecart-variations-form.php on line 39

2020-12-31T20:36:41+00:00 CRITICAL syntax error, unexpected '}' in C:\xampp\htdocs\eshop\wp-content\themes\leto-customized\custom\custom-sidecart-variations-form.php on line 39

2020-12-31T20:38:42+00:00 CRITICAL syntax error, unexpected '}' in C:\xampp\htdocs\eshop\wp-content\themes\leto-customized\custom\custom-sidecart-variations-form.php on line 40

2020-12-31T20:40:43+00:00 CRITICAL syntax error, unexpected '}' in C:\xampp\htdocs\eshop\wp-content\themes\leto-customized\custom\custom-sidecart-variations-form.php on line 41

2020-12-31T20:42:44+00:00 CRITICAL syntax error, unexpected '}' in C:\xampp\htdocs\eshop\wp-content\themes\leto-customized\custom\custom-sidecart-variations-form.php on line 41

2020-12-31T20:44:45+00:00 CRITICAL syntax error, unexpected '}' in C:\xampp\htdocs\eshop\wp-content\themes\leto-customized\custom\custom-sidecart-variations-form.php on line 42

2020-12-31T20:46:46+00:00 CRITICAL syntax error, unexpected '}' in C:\xampp\htdocs\eshop\wp-content\themes\leto-customized\custom\custom-sidecart-variations-form.php on line 42

2020-12-31T20:48:47+00:00 CRITICAL syntax error, unexpected '}' in C:\xampp\htdocs\eshop\wp-content\themes\leto-customized\custom\custom-sidecart-variations-form.php on line 42

2020-12-31T20:50:48+00:00 CRITICAL syntax error, unexpected '}' in C:\xampp\htdocs\eshop\wp-content\themes\leto-customized\custom\custom-sidecart-variations-form.php on line 42

2020-12-31T20:51:17+00:00 CRITICAL syntax error, unexpected '<' in C:\xampp\htdocs\eshop\wp-content\themes\leto-customized\custom\custom-sidecart-variations-form.php on line 10

2020-12-31T20:52:49+00:00 CRITICAL syntax error, unexpected '<' in C:\xampp\htdocs\eshop\wp-content\themes\leto-customized\custom\custom-sidecart-variations-form.php on line 10

2020-12-31T21:02:54+00:00 CRITICAL syntax error, unexpected '}' in C:\xampp\htdocs\eshop\wp-content\themes\leto-customized\custom\custom-sidecart-variations-form.php on line 42

2020-12-31T21:04:55+00:00 CRITICAL syntax error, unexpected '}' in C:\xampp\htdocs\eshop\wp-content\themes\leto-customized\custom\custom-sidecart-variations-form.php on line 42

2020-12-31T21:06:38+00:00 CRITICAL syntax error, unexpected '}' in C:\xampp\htdocs\eshop\wp-content\themes\leto-customized\custom\custom-sidecart-variations-form.php on line 42

2020-12-31T21:06:56+00:00 CRITICAL syntax error, unexpected '}' in C:\xampp\htdocs\eshop\wp-content\themes\leto-customized\custom\custom-sidecart-variations-form.php on line 42

2020-12-31T21:07:11+00:00 CRITICAL syntax error, unexpected '}' in C:\xampp\htdocs\eshop\wp-content\themes\leto-customized\custom\custom-sidecart-variations-form.php on line 42

2020-12-31T21:17:22+00:00 CRITICAL syntax error, unexpected '}' in C:\xampp\htdocs\eshop\wp-content\themes\leto-customized\templates\side-cart-woocommerce\global\body\product.php on line 61

2020-12-31T21:17:40+00:00 CRITICAL syntax error, unexpected '}' in C:\xampp\htdocs\eshop\wp-content\themes\leto-customized\templates\side-cart-woocommerce\global\body\product.php on line 61

2020-12-31T21:17:57+00:00 CRITICAL syntax error, unexpected '}' in C:\xampp\htdocs\eshop\wp-content\themes\leto-customized\templates\side-cart-woocommerce\global\body\product.php on line 61

2020-12-31T21:18:04+00:00 CRITICAL syntax error, unexpected '}' in C:\xampp\htdocs\eshop\wp-content\themes\leto-customized\templates\side-cart-woocommerce\global\body\product.php on line 61

2020-12-31T21:18:20+00:00 CRITICAL syntax error, unexpected '}' in C:\xampp\htdocs\eshop\wp-content\themes\leto-customized\templates\side-cart-woocommerce\global\body\product.php on line 61

2020-12-31T21:18:26+00:00 CRITICAL syntax error, unexpected '}' in C:\xampp\htdocs\eshop\wp-content\themes\leto-customized\templates\side-cart-woocommerce\global\body\product.php on line 61

2020-12-31T21:20:01+00:00 CRITICAL syntax error, unexpected '}' in C:\xampp\htdocs\eshop\wp-content\themes\leto-customized\templates\side-cart-woocommerce\global\body\product.php on line 61

2020-12-31T21:22:40+00:00 CRITICAL Uncaught Error: Call to a member function get_parent_id() on null in C:\xampp\htdocs\eshop\wp-content\themes\leto-customized\templates\side-cart-woocommerce\global\body\product.php:59
Stack trace:
#0 C:\xampp\htdocs\eshop\wp-content\plugins\side-cart-woocommerce\includes\xoo-framework\class-xoo-helper.php(57): include()
#1 C:\xampp\htdocs\eshop\wp-content\plugins\side-cart-woocommerce\templates\xoo-wsc-body.php(112): Xoo_Helper->get_template('global/body/pro...', Array)
#2 C:\xampp\htdocs\eshop\wp-content\plugins\side-cart-woocommerce\includes\xoo-framework\class-xoo-helper.php(57): include('C:\\xampp\\htdocs...')
#3 C:\xampp\htdocs\eshop\wp-content\themes\leto-customized\templates\side-cart-woocommerce\xoo-wsc-container.php(55): Xoo_Helper->get_template('xoo-wsc-body.ph...')
#4 C:\xampp\htdocs\eshop\wp-content\plugins\side-cart-woocommerce\includes\xoo-framework\class-xoo-helper.php(57): include('C:\\xampp\\htdocs...')
#5 C:\xampp\htdocs\eshop\wp-content\plugins\side-cart-woocommerce\templates\xoo-wsc-markup in C:\xampp\htdocs\eshop\wp-content\themes\leto-customized\templates\side-cart-woocommerce\global\body\product.php on line 59

2020-12-31T21:22:55+00:00 CRITICAL Uncaught Error: Call to a member function get_parent_id() on null in C:\xampp\htdocs\eshop\wp-content\themes\leto-customized\templates\side-cart-woocommerce\global\body\product.php:59
Stack trace:
#0 C:\xampp\htdocs\eshop\wp-content\plugins\side-cart-woocommerce\includes\xoo-framework\class-xoo-helper.php(57): include()
#1 C:\xampp\htdocs\eshop\wp-content\plugins\side-cart-woocommerce\templates\xoo-wsc-body.php(112): Xoo_Helper->get_template('global/body/pro...', Array)
#2 C:\xampp\htdocs\eshop\wp-content\plugins\side-cart-woocommerce\includes\xoo-framework\class-xoo-helper.php(57): include('C:\\xampp\\htdocs...')
#3 C:\xampp\htdocs\eshop\wp-content\themes\leto-customized\templates\side-cart-woocommerce\xoo-wsc-container.php(55): Xoo_Helper->get_template('xoo-wsc-body.ph...')
#4 C:\xampp\htdocs\eshop\wp-content\plugins\side-cart-woocommerce\includes\xoo-framework\class-xoo-helper.php(57): include('C:\\xampp\\htdocs...')
#5 C:\xampp\htdocs\eshop\wp-content\plugins\side-cart-woocommerce\templates\xoo-wsc-markup in C:\xampp\htdocs\eshop\wp-content\themes\leto-customized\templates\side-cart-woocommerce\global\body\product.php on line 59

2020-12-31T21:24:03+00:00 CRITICAL syntax error, unexpected '}' in C:\xampp\htdocs\eshop\wp-content\themes\leto-customized\templates\side-cart-woocommerce\global\body\product.php on line 62

2020-12-31T21:24:13+00:00 CRITICAL syntax error, unexpected '}' in C:\xampp\htdocs\eshop\wp-content\themes\leto-customized\templates\side-cart-woocommerce\global\body\product.php on line 62

2020-12-31T21:25:08+00:00 CRITICAL syntax error, unexpected '}' in C:\xampp\htdocs\eshop\wp-content\themes\leto-customized\templates\side-cart-woocommerce\global\body\product.php on line 62

2020-12-31T21:26:31+00:00 CRITICAL syntax error, unexpected '}' in C:\xampp\htdocs\eshop\wp-content\themes\leto-customized\templates\side-cart-woocommerce\global\body\product.php on line 62

2020-12-31T21:26:53+00:00 CRITICAL syntax error, unexpected '}' in C:\xampp\htdocs\eshop\wp-content\themes\leto-customized\templates\side-cart-woocommerce\global\body\product.php on line 62

2020-12-31T21:26:59+00:00 CRITICAL syntax error, unexpected '}' in C:\xampp\htdocs\eshop\wp-content\themes\leto-customized\templates\side-cart-woocommerce\global\body\product.php on line 62

2020-12-31T21:28:20+00:00 CRITICAL syntax error, unexpected '}' in C:\xampp\htdocs\eshop\wp-content\themes\leto-customized\custom\custom-sidecart-variations-form.php on line 42

2020-12-31T21:29:07+00:00 CRITICAL syntax error, unexpected '}' in C:\xampp\htdocs\eshop\wp-content\themes\leto-customized\custom\custom-sidecart-variations-form.php on line 42

2020-12-31T21:29:18+00:00 CRITICAL syntax error, unexpected '}' in C:\xampp\htdocs\eshop\wp-content\themes\leto-customized\custom\custom-sidecart-variations-form.php on line 42

2020-12-31T21:31:08+00:00 CRITICAL syntax error, unexpected '}' in C:\xampp\htdocs\eshop\wp-content\themes\leto-customized\custom\custom-sidecart-variations-form.php on line 42

2020-12-31T21:31:26+00:00 CRITICAL syntax error, unexpected '}' in C:\xampp\htdocs\eshop\wp-content\themes\leto-customized\custom\custom-sidecart-variations-form.php on line 42

2020-12-31T21:31:32+00:00 CRITICAL syntax error, unexpected '}' in C:\xampp\htdocs\eshop\wp-content\themes\leto-customized\custom\custom-sidecart-variations-form.php on line 42

2020-12-31T21:33:02+00:00 CRITICAL syntax error, unexpected '}' in C:\xampp\htdocs\eshop\wp-content\themes\leto-customized\custom\custom-sidecart-variations-form.php on line 41

2020-12-31T21:33:09+00:00 CRITICAL syntax error, unexpected '}' in C:\xampp\htdocs\eshop\wp-content\themes\leto-customized\custom\custom-sidecart-variations-form.php on line 41

2020-12-31T21:34:30+00:00 CRITICAL Uncaught Error: Call to a member function get_permalink() on null in C:\xampp\htdocs\eshop\wp-content\themes\leto-customized\custom\custom-sidecart-variations-form.php:11
Stack trace:
#0 C:\xampp\htdocs\eshop\wp-includes\class-wp-hook.php(287): custom_function(Object(WC_Product_Variable))
#1 C:\xampp\htdocs\eshop\wp-includes\class-wp-hook.php(311): WP_Hook->apply_filters('', Array)
#2 C:\xampp\htdocs\eshop\wp-includes\plugin.php(484): WP_Hook->do_action(Array)
#3 C:\xampp\htdocs\eshop\wp-content\themes\leto-customized\templates\side-cart-woocommerce\global\body\product.php(61): do_action('custom_sidecart...', Object(WC_Product_Variable))
#4 C:\xampp\htdocs\eshop\wp-content\plugins\side-cart-woocommerce\includes\xoo-framework\class-xoo-helper.php(57): include('C:\\xampp\\htdocs...')
#5 C:\xampp\htdocs\eshop\wp-content\plugins\side-cart-woocommerce\templates\xoo-wsc-body.php(112): Xoo_Helper->get_template('global/body/pro...', Array)
#6 C:\xampp\htdocs\eshop\wp-content\plugins\side-cart-woocommerce\includes\xoo in C:\xampp\htdocs\eshop\wp-content\themes\leto-customized\custom\custom-sidecart-variations-form.php on line 11

2020-12-31T21:34:43+00:00 CRITICAL Uncaught Error: Call to a member function get_permalink() on null in C:\xampp\htdocs\eshop\wp-content\themes\leto-customized\custom\custom-sidecart-variations-form.php:11
Stack trace:
#0 C:\xampp\htdocs\eshop\wp-includes\class-wp-hook.php(287): custom_function(Object(WC_Product_Variable))
#1 C:\xampp\htdocs\eshop\wp-includes\class-wp-hook.php(311): WP_Hook->apply_filters('', Array)
#2 C:\xampp\htdocs\eshop\wp-includes\plugin.php(484): WP_Hook->do_action(Array)
#3 C:\xampp\htdocs\eshop\wp-content\themes\leto-customized\templates\side-cart-woocommerce\global\body\product.php(61): do_action('custom_sidecart...', Object(WC_Product_Variable))
#4 C:\xampp\htdocs\eshop\wp-content\plugins\side-cart-woocommerce\includes\xoo-framework\class-xoo-helper.php(57): include('C:\\xampp\\htdocs...')
#5 C:\xampp\htdocs\eshop\wp-content\plugins\side-cart-woocommerce\templates\xoo-wsc-body.php(112): Xoo_Helper->get_template('global/body/pro...', Array)
#6 C:\xampp\htdocs\eshop\wp-content\plugins\side-cart-woocommerce\includes\xoo in C:\xampp\htdocs\eshop\wp-content\themes\leto-customized\custom\custom-sidecart-variations-form.php on line 11

2020-12-31T21:35:06+00:00 CRITICAL Uncaught Error: Call to a member function get_permalink() on null in C:\xampp\htdocs\eshop\wp-content\themes\leto-customized\custom\custom-sidecart-variations-form.php:11
Stack trace:
#0 C:\xampp\htdocs\eshop\wp-includes\class-wp-hook.php(287): custom_function(Object(WC_Product_Variable))
#1 C:\xampp\htdocs\eshop\wp-includes\class-wp-hook.php(311): WP_Hook->apply_filters('', Array)
#2 C:\xampp\htdocs\eshop\wp-includes\plugin.php(484): WP_Hook->do_action(Array)
#3 C:\xampp\htdocs\eshop\wp-content\themes\leto-customized\templates\side-cart-woocommerce\global\body\product.php(61): do_action('custom_sidecart...', Object(WC_Product_Variable))
#4 C:\xampp\htdocs\eshop\wp-content\plugins\side-cart-woocommerce\includes\xoo-framework\class-xoo-helper.php(57): include('C:\\xampp\\htdocs...')
#5 C:\xampp\htdocs\eshop\wp-content\plugins\side-cart-woocommerce\templates\xoo-wsc-body.php(112): Xoo_Helper->get_template('global/body/pro...', Array)
#6 C:\xampp\htdocs\eshop\wp-content\plugins\side-cart-woocommerce\includes\xoo in C:\xampp\htdocs\eshop\wp-content\themes\leto-customized\custom\custom-sidecart-variations-form.php on line 11

2020-12-31T21:35:40+00:00 CRITICAL Uncaught Error: Call to undefined function ob_end() in C:\xampp\htdocs\eshop\wp-content\themes\leto-customized\custom\custom-sidecart-variations-form.php:18
Stack trace:
#0 C:\xampp\htdocs\eshop\wp-includes\class-wp-hook.php(287): custom_function(Object(WC_Product_Variable))
#1 C:\xampp\htdocs\eshop\wp-includes\class-wp-hook.php(311): WP_Hook->apply_filters('', Array)
#2 C:\xampp\htdocs\eshop\wp-includes\plugin.php(484): WP_Hook->do_action(Array)
#3 C:\xampp\htdocs\eshop\wp-content\themes\leto-customized\templates\side-cart-woocommerce\global\body\product.php(61): do_action('custom_sidecart...', Object(WC_Product_Variable))
#4 C:\xampp\htdocs\eshop\wp-content\plugins\side-cart-woocommerce\includes\xoo-framework\class-xoo-helper.php(57): include('C:\\xampp\\htdocs...')
#5 C:\xampp\htdocs\eshop\wp-content\plugins\side-cart-woocommerce\templates\xoo-wsc-body.php(112): Xoo_Helper->get_template('global/body/pro...', Array)
#6 C:\xampp\htdocs\eshop\wp-content\plugins\side-cart-woocommerce\includes\xoo-framework\cla in C:\xampp\htdocs\eshop\wp-content\themes\leto-customized\custom\custom-sidecart-variations-form.php on line 18

2020-12-31T21:38:06+00:00 CRITICAL Uncaught Error: Call to undefined function ob_end() in C:\xampp\htdocs\eshop\wp-content\themes\leto-customized\custom\custom-sidecart-variations-form.php:18
Stack trace:
#0 C:\xampp\htdocs\eshop\wp-includes\class-wp-hook.php(287): custom_function(Object(WC_Product_Variable))
#1 C:\xampp\htdocs\eshop\wp-includes\class-wp-hook.php(311): WP_Hook->apply_filters('', Array)
#2 C:\xampp\htdocs\eshop\wp-includes\plugin.php(484): WP_Hook->do_action(Array)
#3 C:\xampp\htdocs\eshop\wp-content\themes\leto-customized\templates\side-cart-woocommerce\global\body\product.php(61): do_action('custom_sidecart...', Object(WC_Product_Variable))
#4 C:\xampp\htdocs\eshop\wp-content\plugins\side-cart-woocommerce\includes\xoo-framework\class-xoo-helper.php(57): include('C:\\xampp\\htdocs...')
#5 C:\xampp\htdocs\eshop\wp-content\plugins\side-cart-woocommerce\templates\xoo-wsc-body.php(112): Xoo_Helper->get_template('global/body/pro...', Array)
#6 C:\xampp\htdocs\eshop\wp-content\plugins\side-cart-woocommerce\includes\xoo-framework\cla in C:\xampp\htdocs\eshop\wp-content\themes\leto-customized\custom\custom-sidecart-variations-form.php on line 18

2020-12-31T21:39:24+00:00 CRITICAL Uncaught Error: Call to undefined function ob_end() in C:\xampp\htdocs\eshop\wp-content\themes\leto-customized\custom\custom-sidecart-variations-form.php:18
Stack trace:
#0 C:\xampp\htdocs\eshop\wp-includes\class-wp-hook.php(287): custom_function(Object(WC_Product_Variable))
#1 C:\xampp\htdocs\eshop\wp-includes\class-wp-hook.php(311): WP_Hook->apply_filters('', Array)
#2 C:\xampp\htdocs\eshop\wp-includes\plugin.php(484): WP_Hook->do_action(Array)
#3 C:\xampp\htdocs\eshop\wp-content\themes\leto-customized\templates\side-cart-woocommerce\global\body\product.php(61): do_action('custom_sidecart...', Object(WC_Product_Variable))
#4 C:\xampp\htdocs\eshop\wp-content\plugins\side-cart-woocommerce\includes\xoo-framework\class-xoo-helper.php(57): include('C:\\xampp\\htdocs...')
#5 C:\xampp\htdocs\eshop\wp-content\plugins\side-cart-woocommerce\templates\xoo-wsc-body.php(112): Xoo_Helper->get_template('global/body/pro...', Array)
#6 C:\xampp\htdocs\eshop\wp-content\plugins\side-cart-woocommerce\includes\xoo-framework\cla in C:\xampp\htdocs\eshop\wp-content\themes\leto-customized\custom\custom-sidecart-variations-form.php on line 18

2020-12-31T21:39:41+00:00 CRITICAL Uncaught Error: Call to a member function get_available_variations() on null in C:\xampp\htdocs\eshop\wp-content\themes\leto-customized\custom\custom-sidecart-variations-form.php:7
Stack trace:
#0 C:\xampp\htdocs\eshop\wp-includes\class-wp-hook.php(287): custom_function(Object(WC_Product_Variable))
#1 C:\xampp\htdocs\eshop\wp-includes\class-wp-hook.php(311): WP_Hook->apply_filters('', Array)
#2 C:\xampp\htdocs\eshop\wp-includes\plugin.php(484): WP_Hook->do_action(Array)
#3 C:\xampp\htdocs\eshop\wp-content\themes\leto-customized\templates\side-cart-woocommerce\global\body\product.php(61): do_action('custom_sidecart...', Object(WC_Product_Variable))
#4 C:\xampp\htdocs\eshop\wp-content\plugins\side-cart-woocommerce\includes\xoo-framework\class-xoo-helper.php(57): include('C:\\xampp\\htdocs...')
#5 C:\xampp\htdocs\eshop\wp-content\plugins\side-cart-woocommerce\templates\xoo-wsc-body.php(112): Xoo_Helper->get_template('global/body/pro...', Array)
#6 C:\xampp\htdocs\eshop\wp-content\plugins\side-cart-woocommerce\in in C:\xampp\htdocs\eshop\wp-content\themes\leto-customized\custom\custom-sidecart-variations-form.php on line 7

2020-12-31T21:39:56+00:00 CRITICAL Uncaught Error: Call to undefined function ob_end() in C:\xampp\htdocs\eshop\wp-content\themes\leto-customized\custom\custom-sidecart-variations-form.php:18
Stack trace:
#0 C:\xampp\htdocs\eshop\wp-includes\class-wp-hook.php(287): custom_function(Object(WC_Product_Variable))
#1 C:\xampp\htdocs\eshop\wp-includes\class-wp-hook.php(311): WP_Hook->apply_filters('', Array)
#2 C:\xampp\htdocs\eshop\wp-includes\plugin.php(484): WP_Hook->do_action(Array)
#3 C:\xampp\htdocs\eshop\wp-content\themes\leto-customized\templates\side-cart-woocommerce\global\body\product.php(61): do_action('custom_sidecart...', Object(WC_Product_Variable))
#4 C:\xampp\htdocs\eshop\wp-content\plugins\side-cart-woocommerce\includes\xoo-framework\class-xoo-helper.php(57): include('C:\\xampp\\htdocs...')
#5 C:\xampp\htdocs\eshop\wp-content\plugins\side-cart-woocommerce\templates\xoo-wsc-body.php(112): Xoo_Helper->get_template('global/body/pro...', Array)
#6 C:\xampp\htdocs\eshop\wp-content\plugins\side-cart-woocommerce\includes\xoo-framework\cla in C:\xampp\htdocs\eshop\wp-content\themes\leto-customized\custom\custom-sidecart-variations-form.php on line 18

2020-12-31T21:43:06+00:00 CRITICAL syntax error, unexpected '}' in C:\xampp\htdocs\eshop\wp-content\themes\leto-customized\custom\custom-sidecart-variations-form.php on line 42

2020-12-31T21:43:14+00:00 CRITICAL syntax error, unexpected '}' in C:\xampp\htdocs\eshop\wp-content\themes\leto-customized\custom\custom-sidecart-variations-form.php on line 42

2020-12-31T21:44:25+00:00 CRITICAL syntax error, unexpected '}' in C:\xampp\htdocs\eshop\wp-content\themes\leto-customized\custom\custom-sidecart-variations-form.php on line 42

2020-12-31T21:44:51+00:00 CRITICAL Uncaught Error: Call to a member function get_id() on null in C:\xampp\htdocs\eshop\wp-content\plugins\product-variation-swatches-for-woocommerce\public\class-thwvsf-public.php:280
Stack trace:
#0 C:\xampp\htdocs\eshop\wp-content\plugins\product-variation-swatches-for-woocommerce\public\class-thwvsf-public.php(248): THWVSF_Public->add_color_display('<select id="pa_...', Array, 'color')
#1 C:\xampp\htdocs\eshop\wp-includes\class-wp-hook.php(287): THWVSF_Public->swatches_display('', Array)
#2 C:\xampp\htdocs\eshop\wp-includes\plugin.php(212): WP_Hook->apply_filters('<select id="pa_...', Array)
#3 C:\xampp\htdocs\eshop\wp-content\plugins\woocommerce\includes\wc-template-functions.php(3056): apply_filters('woocommerce_dro...', '<select id="pa_...', Array)
#4 C:\xampp\htdocs\eshop\wp-content\themes\leto-customized\custom\custom-sidecart-variations-form.php(28): wc_dropdown_variation_attribute_options(Array)
#5 C:\xampp\htdocs\eshop\wp-includes\class-wp-hook.php(287): custom_function(Object(WC_Product_Variable))
#6 in C:\xampp\htdocs\eshop\wp-content\plugins\product-variation-swatches-for-woocommerce\public\class-thwvsf-public.php on line 280

2020-12-31T21:45:09+00:00 CRITICAL Uncaught Error: Call to a member function get_id() on null in C:\xampp\htdocs\eshop\wp-content\plugins\product-variation-swatches-for-woocommerce\public\class-thwvsf-public.php:280
Stack trace:
#0 C:\xampp\htdocs\eshop\wp-content\plugins\product-variation-swatches-for-woocommerce\public\class-thwvsf-public.php(248): THWVSF_Public->add_color_display('<select id="pa_...', Array, 'color')
#1 C:\xampp\htdocs\eshop\wp-includes\class-wp-hook.php(287): THWVSF_Public->swatches_display('', Array)
#2 C:\xampp\htdocs\eshop\wp-includes\plugin.php(212): WP_Hook->apply_filters('<select id="pa_...', Array)
#3 C:\xampp\htdocs\eshop\wp-content\plugins\woocommerce\includes\wc-template-functions.php(3056): apply_filters('woocommerce_dro...', '<select id="pa_...', Array)
#4 C:\xampp\htdocs\eshop\wp-content\themes\leto-customized\custom\custom-sidecart-variations-form.php(28): wc_dropdown_variation_attribute_options(Array)
#5 C:\xampp\htdocs\eshop\wp-includes\class-wp-hook.php(287): custom_function(Object(WC_Product_Variable))
#6 in C:\xampp\htdocs\eshop\wp-content\plugins\product-variation-swatches-for-woocommerce\public\class-thwvsf-public.php on line 280

2020-12-31T21:48:27+00:00 CRITICAL Uncaught Error: Call to a member function get_id() on null in C:\xampp\htdocs\eshop\wp-content\plugins\product-variation-swatches-for-woocommerce\public\class-thwvsf-public.php:280
Stack trace:
#0 C:\xampp\htdocs\eshop\wp-content\plugins\product-variation-swatches-for-woocommerce\public\class-thwvsf-public.php(248): THWVSF_Public->add_color_display('<select id="pa_...', Array, 'color')
#1 C:\xampp\htdocs\eshop\wp-includes\class-wp-hook.php(287): THWVSF_Public->swatches_display('', Array)
#2 C:\xampp\htdocs\eshop\wp-includes\plugin.php(212): WP_Hook->apply_filters('<select id="pa_...', Array)
#3 C:\xampp\htdocs\eshop\wp-content\plugins\woocommerce\includes\wc-template-functions.php(3056): apply_filters('woocommerce_dro...', '<select id="pa_...', Array)
#4 C:\xampp\htdocs\eshop\wp-content\plugins\woocommerce\templates\single-product\add-to-cart\variable.php(45): wc_dropdown_variation_attribute_options(Array)
#5 C:\xampp\htdocs\eshop\wp-content\plugins\woocommerce\includes\wc-core-functions.php(345): include('C: in C:\xampp\htdocs\eshop\wp-content\plugins\product-variation-swatches-for-woocommerce\public\class-thwvsf-public.php on line 280

2020-12-31T21:57:36+00:00 CRITICAL syntax error, unexpected '}', expecting ';' or ',' in C:\xampp\htdocs\eshop\wp-content\themes\leto-customized\templates\side-cart-woocommerce\global\body\product.php on line 60

2020-12-31T21:57:46+00:00 CRITICAL syntax error, unexpected '}', expecting ';' or ',' in C:\xampp\htdocs\eshop\wp-content\themes\leto-customized\templates\side-cart-woocommerce\global\body\product.php on line 60

2020-12-31T21:57:51+00:00 CRITICAL syntax error, unexpected '}', expecting ';' or ',' in C:\xampp\htdocs\eshop\wp-content\themes\leto-customized\templates\side-cart-woocommerce\global\body\product.php on line 60

2020-12-31T21:58:01+00:00 CRITICAL syntax error, unexpected '}', expecting ';' or ',' in C:\xampp\htdocs\eshop\wp-content\themes\leto-customized\templates\side-cart-woocommerce\global\body\product.php on line 60

