2021-01-11T20:28:52+00:00 CRITICAL Uncaught Error: Class 'WC' not found in C:\xampp\htdocs\eshop\wp-content\themes\leto-customized\inc\custom-xoo-wsc-add-variaton-to-cart.php:17
Stack trace:
#0 C:\xampp\htdocs\eshop\wp-includes\class-wp-hook.php(287): xoo_wsc_add_variation_to_cart('')
#1 C:\xampp\htdocs\eshop\wp-includes\class-wp-hook.php(311): WP_Hook->apply_filters('', Array)
#2 C:\xampp\htdocs\eshop\wp-includes\plugin.php(484): WP_Hook->do_action(Array)
#3 C:\xampp\htdocs\eshop\wp-admin\admin-ajax.php(184): do_action('wp_ajax_custom_...')
#4 {main}
  thrown in C:\xampp\htdocs\eshop\wp-content\themes\leto-customized\inc\custom-xoo-wsc-add-variaton-to-cart.php on line 17

2021-01-11T20:32:45+00:00 CRITICAL Uncaught Error: Class 'WC' not found in C:\xampp\htdocs\eshop\wp-content\themes\leto-customized\inc\custom-xoo-wsc-add-variaton-to-cart.php:17
Stack trace:
#0 C:\xampp\htdocs\eshop\wp-includes\class-wp-hook.php(287): xoo_wsc_add_variation_to_cart('')
#1 C:\xampp\htdocs\eshop\wp-includes\class-wp-hook.php(311): WP_Hook->apply_filters('', Array)
#2 C:\xampp\htdocs\eshop\wp-includes\plugin.php(484): WP_Hook->do_action(Array)
#3 C:\xampp\htdocs\eshop\wp-admin\admin-ajax.php(184): do_action('wp_ajax_custom_...')
#4 {main}
  thrown in C:\xampp\htdocs\eshop\wp-content\themes\leto-customized\inc\custom-xoo-wsc-add-variaton-to-cart.php on line 17

2021-01-11T20:46:36+00:00 CRITICAL Uncaught Error: Class 'WC' not found in C:\xampp\htdocs\eshop\wp-content\themes\leto-customized\inc\custom-xoo-wsc-add-variaton-to-cart.php:17
Stack trace:
#0 C:\xampp\htdocs\eshop\wp-includes\class-wp-hook.php(287): xoo_wsc_add_variation_to_cart('')
#1 C:\xampp\htdocs\eshop\wp-includes\class-wp-hook.php(311): WP_Hook->apply_filters('', Array)
#2 C:\xampp\htdocs\eshop\wp-includes\plugin.php(484): WP_Hook->do_action(Array)
#3 C:\xampp\htdocs\eshop\wp-admin\admin-ajax.php(184): do_action('wp_ajax_custom_...')
#4 {main}
  thrown in C:\xampp\htdocs\eshop\wp-content\themes\leto-customized\inc\custom-xoo-wsc-add-variaton-to-cart.php on line 17

2021-01-11T20:48:01+00:00 CRITICAL Uncaught Error: Class 'WC' not found in C:\xampp\htdocs\eshop\wp-content\themes\leto-customized\inc\custom-xoo-wsc-add-variaton-to-cart.php:17
Stack trace:
#0 C:\xampp\htdocs\eshop\wp-includes\class-wp-hook.php(287): xoo_wsc_add_variation_to_cart('')
#1 C:\xampp\htdocs\eshop\wp-includes\class-wp-hook.php(311): WP_Hook->apply_filters('', Array)
#2 C:\xampp\htdocs\eshop\wp-includes\plugin.php(484): WP_Hook->do_action(Array)
#3 C:\xampp\htdocs\eshop\wp-admin\admin-ajax.php(184): do_action('wp_ajax_custom_...')
#4 {main}
  thrown in C:\xampp\htdocs\eshop\wp-content\themes\leto-customized\inc\custom-xoo-wsc-add-variaton-to-cart.php on line 17

2021-01-11T21:08:41+00:00 CRITICAL Uncaught Error: Class 'WC' not found in C:\xampp\htdocs\eshop\wp-content\themes\leto-customized\inc\custom-xoo-wsc-add-variaton-to-cart.php:17
Stack trace:
#0 C:\xampp\htdocs\eshop\wp-includes\class-wp-hook.php(287): xoo_wsc_add_variation_to_cart('')
#1 C:\xampp\htdocs\eshop\wp-includes\class-wp-hook.php(311): WP_Hook->apply_filters('', Array)
#2 C:\xampp\htdocs\eshop\wp-includes\plugin.php(484): WP_Hook->do_action(Array)
#3 C:\xampp\htdocs\eshop\wp-admin\admin-ajax.php(184): do_action('wp_ajax_custom_...')
#4 {main}
  thrown in C:\xampp\htdocs\eshop\wp-content\themes\leto-customized\inc\custom-xoo-wsc-add-variaton-to-cart.php on line 17

2021-01-11T21:10:57+00:00 CRITICAL Uncaught Error: Class 'WC' not found in C:\xampp\htdocs\eshop\wp-content\themes\leto-customized\inc\custom-xoo-wsc-add-variaton-to-cart.php:17
Stack trace:
#0 C:\xampp\htdocs\eshop\wp-includes\class-wp-hook.php(287): xoo_wsc_add_variation_to_cart('')
#1 C:\xampp\htdocs\eshop\wp-includes\class-wp-hook.php(311): WP_Hook->apply_filters('', Array)
#2 C:\xampp\htdocs\eshop\wp-includes\plugin.php(484): WP_Hook->do_action(Array)
#3 C:\xampp\htdocs\eshop\wp-admin\admin-ajax.php(184): do_action('wp_ajax_custom_...')
#4 {main}
  thrown in C:\xampp\htdocs\eshop\wp-content\themes\leto-customized\inc\custom-xoo-wsc-add-variaton-to-cart.php on line 17

2021-01-11T21:11:04+00:00 CRITICAL Uncaught Error: Class 'WC' not found in C:\xampp\htdocs\eshop\wp-content\themes\leto-customized\inc\custom-xoo-wsc-add-variaton-to-cart.php:17
Stack trace:
#0 C:\xampp\htdocs\eshop\wp-includes\class-wp-hook.php(287): xoo_wsc_add_variation_to_cart('')
#1 C:\xampp\htdocs\eshop\wp-includes\class-wp-hook.php(311): WP_Hook->apply_filters('', Array)
#2 C:\xampp\htdocs\eshop\wp-includes\plugin.php(484): WP_Hook->do_action(Array)
#3 C:\xampp\htdocs\eshop\wp-admin\admin-ajax.php(184): do_action('wp_ajax_custom_...')
#4 {main}
  thrown in C:\xampp\htdocs\eshop\wp-content\themes\leto-customized\inc\custom-xoo-wsc-add-variaton-to-cart.php on line 17

