2020-12-14T17:05:46+00:00 CRITICAL syntax error, unexpected 'echo' (T_ECHO) in C:\xampp\htdocs\eshop\wp-content\themes\leto-customized\functions.php on line 22

2020-12-14T17:06:16+00:00 CRITICAL syntax error, unexpected '.' in C:\xampp\htdocs\eshop\wp-content\themes\leto-customized\functions.php on line 22

2020-12-14T17:06:43+00:00 CRITICAL syntax error, unexpected 'echo' (T_ECHO) in C:\xampp\htdocs\eshop\wp-content\themes\leto-customized\functions.php on line 22

2020-12-14T17:06:45+00:00 CRITICAL syntax error, unexpected 'echo' (T_ECHO) in C:\xampp\htdocs\eshop\wp-content\themes\leto-customized\functions.php on line 22

2020-12-14T17:10:44+00:00 CRITICAL syntax error, unexpected 'esc_attr' (T_STRING), expecting ';' or ',' in C:\xampp\htdocs\eshop\wp-content\themes\leto-customized\functions.php on line 22

2020-12-14T17:10:46+00:00 CRITICAL syntax error, unexpected 'esc_attr' (T_STRING), expecting ';' or ',' in C:\xampp\htdocs\eshop\wp-content\themes\leto-customized\functions.php on line 22

2020-12-14T18:14:04+00:00 CRITICAL Uncaught Error: Call to undefined method WC_Product_Simple::add_to_cart_tex() in C:\xampp\htdocs\eshop\wp-content\plugins\woocommerce\templates\loop\add-to-cart.php:32
Stack trace:
#0 C:\xampp\htdocs\eshop\wp-content\plugins\woocommerce\includes\wc-core-functions.php(345): include()
#1 C:\xampp\htdocs\eshop\wp-content\plugins\woocommerce\includes\wc-template-functions.php(1305): wc_get_template('loop/add-to-car...', Array)
#2 C:\xampp\htdocs\eshop\wp-includes\class-wp-hook.php(287): woocommerce_template_loop_add_to_cart(Array)
#3 C:\xampp\htdocs\eshop\wp-includes\class-wp-hook.php(311): WP_Hook->apply_filters('', Array)
#4 C:\xampp\htdocs\eshop\wp-includes\plugin.php(478): WP_Hook->do_action(Array)
#5 C:\xampp\htdocs\eshop\wp-content\plugins\woocommerce\templates\content-product.php(65): do_action('woocommerce_aft...')
#6 C:\xampp\htdocs\eshop\wp-includes\template.php(732): require('C:\\xampp\\htdocs...')
#7 C:\xampp\htdocs\eshop\wp-content\plugins\woocommerce\includes\wc-core-functions.php(284): load_templat in C:\xampp\htdocs\eshop\wp-content\plugins\woocommerce\templates\loop\add-to-cart.php on line 32

2020-12-14T18:14:29+00:00 CRITICAL Uncaught ArgumentCountError: Too few arguments to function esc_html(), 0 passed in C:\xampp\htdocs\eshop\wp-content\plugins\woocommerce\templates\loop\add-to-cart.php on line 32 and exactly 1 expected in C:\xampp\htdocs\eshop\wp-includes\formatting.php:4470
Stack trace:
#0 C:\xampp\htdocs\eshop\wp-content\plugins\woocommerce\templates\loop\add-to-cart.php(32): esc_html()
#1 C:\xampp\htdocs\eshop\wp-content\plugins\woocommerce\includes\wc-core-functions.php(345): include('C:\\xampp\\htdocs...')
#2 C:\xampp\htdocs\eshop\wp-content\plugins\woocommerce\includes\wc-template-functions.php(1305): wc_get_template('loop/add-to-car...', Array)
#3 C:\xampp\htdocs\eshop\wp-includes\class-wp-hook.php(287): woocommerce_template_loop_add_to_cart(Array)
#4 C:\xampp\htdocs\eshop\wp-includes\class-wp-hook.php(311): WP_Hook->apply_filters('', Array)
#5 C:\xampp\htdocs\eshop\wp-includes\plugin.php(478): WP_Hook->do_action(Array)
#6 C:\xampp\htdocs\eshop\wp-content\plugins\woocommerce\templates\content-product.php(65): do_action( in C:\xampp\htdocs\eshop\wp-includes\formatting.php on line 4470

2020-12-14T19:37:42+00:00 CRITICAL syntax error, unexpected '<' in C:\xampp\htdocs\eshop\wp-content\themes\leto-customized\inc\custom-main-navigation.php on line 7

2020-12-14T19:41:29+00:00 CRITICAL Cannot redeclare leto_main_navigation() (previously declared in C:\xampp\htdocs\eshop\wp-content\themes\leto-customized\inc\custom-main-navigation.php:7) in C:\xampp\htdocs\eshop\wp-content\themes\leto\inc\header-functions.php on line 40

