2021-02-21T13:35:26+00:00 CRITICAL syntax error, unexpected '=>' (T_DOUBLE_ARROW), expecting ')' in C:\xampp\htdocs\eshop\wp-content\themes\leto-customized\custom\custom-save-registration-form.php on line 49

2021-02-21T14:38:54+00:00 CRITICAL syntax error, unexpected '}' in C:\xampp\htdocs\eshop\wp-content\themes\leto-customized\custom\custom-ajax-save-registration-form.php on line 84

2021-02-21T16:01:28+00:00 CRITICAL Uncaught Error: Call to undefined function str_starts_with() in C:\xampp\htdocs\eshop\wp-content\themes\leto-customized\custom\custom-ajax-save-registration-form.php:22
Stack trace:
#0 C:\xampp\htdocs\eshop\wp-includes\class-wp-hook.php(287): submit_user_registration_form('')
#1 C:\xampp\htdocs\eshop\wp-includes\class-wp-hook.php(311): WP_Hook->apply_filters('', Array)
#2 C:\xampp\htdocs\eshop\wp-includes\plugin.php(484): WP_Hook->do_action(Array)
#3 C:\xampp\htdocs\eshop\wp-admin\admin-ajax.php(184): do_action('wp_ajax_custom_...')
#4 {main}
  thrown in C:\xampp\htdocs\eshop\wp-content\themes\leto-customized\custom\custom-ajax-save-registration-form.php on line 22

2021-02-21T16:02:14+00:00 CRITICAL Uncaught Error: Call to undefined function str_starts_with() in C:\xampp\htdocs\eshop\wp-content\themes\leto-customized\custom\custom-ajax-save-registration-form.php:22
Stack trace:
#0 C:\xampp\htdocs\eshop\wp-includes\class-wp-hook.php(287): submit_user_registration_form('')
#1 C:\xampp\htdocs\eshop\wp-includes\class-wp-hook.php(311): WP_Hook->apply_filters('', Array)
#2 C:\xampp\htdocs\eshop\wp-includes\plugin.php(484): WP_Hook->do_action(Array)
#3 C:\xampp\htdocs\eshop\wp-admin\admin-ajax.php(184): do_action('wp_ajax_custom_...')
#4 {main}
  thrown in C:\xampp\htdocs\eshop\wp-content\themes\leto-customized\custom\custom-ajax-save-registration-form.php on line 22

2021-02-21T16:04:02+00:00 CRITICAL Uncaught Error: Call to undefined function str_starts_with() in C:\xampp\htdocs\eshop\wp-content\themes\leto-customized\custom\custom-ajax-save-registration-form.php:22
Stack trace:
#0 C:\xampp\htdocs\eshop\wp-includes\class-wp-hook.php(287): submit_user_registration_form('')
#1 C:\xampp\htdocs\eshop\wp-includes\class-wp-hook.php(311): WP_Hook->apply_filters('', Array)
#2 C:\xampp\htdocs\eshop\wp-includes\plugin.php(484): WP_Hook->do_action(Array)
#3 C:\xampp\htdocs\eshop\wp-admin\admin-ajax.php(184): do_action('wp_ajax_custom_...')
#4 {main}
  thrown in C:\xampp\htdocs\eshop\wp-content\themes\leto-customized\custom\custom-ajax-save-registration-form.php on line 22

