2021-01-16T17:17:51+00:00 CRITICAL Uncaught Error: Call to a member function get_variation_attributes() on bool in C:\xampp\htdocs\eshop\wp-content\themes\leto-customized\inc\custom-xoo-wsc-add-variaton-to-cart.php:12
Stack trace:
#0 C:\xampp\htdocs\eshop\wp-includes\class-wp-hook.php(287): xoo_wsc_add_variation_to_cart('')
#1 C:\xampp\htdocs\eshop\wp-includes\class-wp-hook.php(311): WP_Hook->apply_filters('', Array)
#2 C:\xampp\htdocs\eshop\wp-includes\plugin.php(484): WP_Hook->do_action(Array)
#3 C:\xampp\htdocs\eshop\wp-admin\admin-ajax.php(184): do_action('wp_ajax_custom_...')
#4 {main}
  thrown in C:\xampp\htdocs\eshop\wp-content\themes\leto-customized\inc\custom-xoo-wsc-add-variaton-to-cart.php on line 12

2021-01-16T17:22:43+00:00 CRITICAL Uncaught Error: Call to a member function get_variation_attributes() on bool in C:\xampp\htdocs\eshop\wp-content\themes\leto-customized\inc\custom-xoo-wsc-add-variaton-to-cart.php:12
Stack trace:
#0 C:\xampp\htdocs\eshop\wp-includes\class-wp-hook.php(287): xoo_wsc_add_variation_to_cart('')
#1 C:\xampp\htdocs\eshop\wp-includes\class-wp-hook.php(311): WP_Hook->apply_filters('', Array)
#2 C:\xampp\htdocs\eshop\wp-includes\plugin.php(484): WP_Hook->do_action(Array)
#3 C:\xampp\htdocs\eshop\wp-admin\admin-ajax.php(184): do_action('wp_ajax_custom_...')
#4 {main}
  thrown in C:\xampp\htdocs\eshop\wp-content\themes\leto-customized\inc\custom-xoo-wsc-add-variaton-to-cart.php on line 12

2021-01-16T17:22:58+00:00 CRITICAL Uncaught Error: Call to a member function get_variation_attributes() on bool in C:\xampp\htdocs\eshop\wp-content\themes\leto-customized\inc\custom-xoo-wsc-add-variaton-to-cart.php:12
Stack trace:
#0 C:\xampp\htdocs\eshop\wp-includes\class-wp-hook.php(287): xoo_wsc_add_variation_to_cart('')
#1 C:\xampp\htdocs\eshop\wp-includes\class-wp-hook.php(311): WP_Hook->apply_filters('', Array)
#2 C:\xampp\htdocs\eshop\wp-includes\plugin.php(484): WP_Hook->do_action(Array)
#3 C:\xampp\htdocs\eshop\wp-admin\admin-ajax.php(184): do_action('wp_ajax_custom_...')
#4 {main}
  thrown in C:\xampp\htdocs\eshop\wp-content\themes\leto-customized\inc\custom-xoo-wsc-add-variaton-to-cart.php on line 12

2021-01-16T17:23:07+00:00 CRITICAL Uncaught Error: Call to a member function get_variation_attributes() on bool in C:\xampp\htdocs\eshop\wp-content\themes\leto-customized\inc\custom-xoo-wsc-add-variaton-to-cart.php:12
Stack trace:
#0 C:\xampp\htdocs\eshop\wp-includes\class-wp-hook.php(287): xoo_wsc_add_variation_to_cart('')
#1 C:\xampp\htdocs\eshop\wp-includes\class-wp-hook.php(311): WP_Hook->apply_filters('', Array)
#2 C:\xampp\htdocs\eshop\wp-includes\plugin.php(484): WP_Hook->do_action(Array)
#3 C:\xampp\htdocs\eshop\wp-admin\admin-ajax.php(184): do_action('wp_ajax_custom_...')
#4 {main}
  thrown in C:\xampp\htdocs\eshop\wp-content\themes\leto-customized\inc\custom-xoo-wsc-add-variaton-to-cart.php on line 12

2021-01-16T17:23:20+00:00 CRITICAL Uncaught Error: Call to a member function get_variation_attributes() on bool in C:\xampp\htdocs\eshop\wp-content\themes\leto-customized\inc\custom-xoo-wsc-add-variaton-to-cart.php:12
Stack trace:
#0 C:\xampp\htdocs\eshop\wp-includes\class-wp-hook.php(287): xoo_wsc_add_variation_to_cart('')
#1 C:\xampp\htdocs\eshop\wp-includes\class-wp-hook.php(311): WP_Hook->apply_filters('', Array)
#2 C:\xampp\htdocs\eshop\wp-includes\plugin.php(484): WP_Hook->do_action(Array)
#3 C:\xampp\htdocs\eshop\wp-admin\admin-ajax.php(184): do_action('wp_ajax_custom_...')
#4 {main}
  thrown in C:\xampp\htdocs\eshop\wp-content\themes\leto-customized\inc\custom-xoo-wsc-add-variaton-to-cart.php on line 12

2021-01-16T17:23:57+00:00 CRITICAL Uncaught Error: Call to a member function get_variation_attributes() on bool in C:\xampp\htdocs\eshop\wp-content\themes\leto-customized\inc\custom-xoo-wsc-add-variaton-to-cart.php:12
Stack trace:
#0 C:\xampp\htdocs\eshop\wp-includes\class-wp-hook.php(287): xoo_wsc_add_variation_to_cart('')
#1 C:\xampp\htdocs\eshop\wp-includes\class-wp-hook.php(311): WP_Hook->apply_filters('', Array)
#2 C:\xampp\htdocs\eshop\wp-includes\plugin.php(484): WP_Hook->do_action(Array)
#3 C:\xampp\htdocs\eshop\wp-admin\admin-ajax.php(184): do_action('wp_ajax_custom_...')
#4 {main}
  thrown in C:\xampp\htdocs\eshop\wp-content\themes\leto-customized\inc\custom-xoo-wsc-add-variaton-to-cart.php on line 12

2021-01-16T17:24:16+00:00 CRITICAL Uncaught Error: Call to a member function get_variation_attributes() on bool in C:\xampp\htdocs\eshop\wp-content\themes\leto-customized\inc\custom-xoo-wsc-add-variaton-to-cart.php:12
Stack trace:
#0 C:\xampp\htdocs\eshop\wp-includes\class-wp-hook.php(287): xoo_wsc_add_variation_to_cart('')
#1 C:\xampp\htdocs\eshop\wp-includes\class-wp-hook.php(311): WP_Hook->apply_filters('', Array)
#2 C:\xampp\htdocs\eshop\wp-includes\plugin.php(484): WP_Hook->do_action(Array)
#3 C:\xampp\htdocs\eshop\wp-admin\admin-ajax.php(184): do_action('wp_ajax_custom_...')
#4 {main}
  thrown in C:\xampp\htdocs\eshop\wp-content\themes\leto-customized\inc\custom-xoo-wsc-add-variaton-to-cart.php on line 12

2021-01-16T17:25:20+00:00 CRITICAL Uncaught Error: Call to a member function get_variation_attributes() on bool in C:\xampp\htdocs\eshop\wp-content\themes\leto-customized\inc\custom-xoo-wsc-add-variaton-to-cart.php:12
Stack trace:
#0 C:\xampp\htdocs\eshop\wp-includes\class-wp-hook.php(287): xoo_wsc_add_variation_to_cart('')
#1 C:\xampp\htdocs\eshop\wp-includes\class-wp-hook.php(311): WP_Hook->apply_filters('', Array)
#2 C:\xampp\htdocs\eshop\wp-includes\plugin.php(484): WP_Hook->do_action(Array)
#3 C:\xampp\htdocs\eshop\wp-admin\admin-ajax.php(184): do_action('wp_ajax_custom_...')
#4 {main}
  thrown in C:\xampp\htdocs\eshop\wp-content\themes\leto-customized\inc\custom-xoo-wsc-add-variaton-to-cart.php on line 12

2021-01-16T17:25:57+00:00 CRITICAL Uncaught Error: Call to a member function get_variation_attributes() on bool in C:\xampp\htdocs\eshop\wp-content\themes\leto-customized\inc\custom-xoo-wsc-add-variaton-to-cart.php:12
Stack trace:
#0 C:\xampp\htdocs\eshop\wp-includes\class-wp-hook.php(287): xoo_wsc_add_variation_to_cart('')
#1 C:\xampp\htdocs\eshop\wp-includes\class-wp-hook.php(311): WP_Hook->apply_filters('', Array)
#2 C:\xampp\htdocs\eshop\wp-includes\plugin.php(484): WP_Hook->do_action(Array)
#3 C:\xampp\htdocs\eshop\wp-admin\admin-ajax.php(184): do_action('wp_ajax_custom_...')
#4 {main}
  thrown in C:\xampp\htdocs\eshop\wp-content\themes\leto-customized\inc\custom-xoo-wsc-add-variaton-to-cart.php on line 12

2021-01-16T17:27:41+00:00 CRITICAL Uncaught Error: Call to a member function get_variation_attributes() on bool in C:\xampp\htdocs\eshop\wp-content\themes\leto-customized\inc\custom-xoo-wsc-add-variaton-to-cart.php:12
Stack trace:
#0 C:\xampp\htdocs\eshop\wp-includes\class-wp-hook.php(287): xoo_wsc_add_variation_to_cart('')
#1 C:\xampp\htdocs\eshop\wp-includes\class-wp-hook.php(311): WP_Hook->apply_filters('', Array)
#2 C:\xampp\htdocs\eshop\wp-includes\plugin.php(484): WP_Hook->do_action(Array)
#3 C:\xampp\htdocs\eshop\wp-admin\admin-ajax.php(184): do_action('wp_ajax_custom_...')
#4 {main}
  thrown in C:\xampp\htdocs\eshop\wp-content\themes\leto-customized\inc\custom-xoo-wsc-add-variaton-to-cart.php on line 12

2021-01-16T17:28:52+00:00 CRITICAL Uncaught Error: Call to a member function get_variation_attributes() on bool in C:\xampp\htdocs\eshop\wp-content\themes\leto-customized\inc\custom-xoo-wsc-add-variaton-to-cart.php:12
Stack trace:
#0 C:\xampp\htdocs\eshop\wp-includes\class-wp-hook.php(287): xoo_wsc_add_variation_to_cart('')
#1 C:\xampp\htdocs\eshop\wp-includes\class-wp-hook.php(311): WP_Hook->apply_filters('', Array)
#2 C:\xampp\htdocs\eshop\wp-includes\plugin.php(484): WP_Hook->do_action(Array)
#3 C:\xampp\htdocs\eshop\wp-admin\admin-ajax.php(184): do_action('wp_ajax_custom_...')
#4 {main}
  thrown in C:\xampp\htdocs\eshop\wp-content\themes\leto-customized\inc\custom-xoo-wsc-add-variaton-to-cart.php on line 12

2021-01-16T17:30:11+00:00 CRITICAL Uncaught Error: Call to a member function get_variation_attributes() on bool in C:\xampp\htdocs\eshop\wp-content\themes\leto-customized\inc\custom-xoo-wsc-add-variaton-to-cart.php:12
Stack trace:
#0 C:\xampp\htdocs\eshop\wp-includes\class-wp-hook.php(287): xoo_wsc_add_variation_to_cart('')
#1 C:\xampp\htdocs\eshop\wp-includes\class-wp-hook.php(311): WP_Hook->apply_filters('', Array)
#2 C:\xampp\htdocs\eshop\wp-includes\plugin.php(484): WP_Hook->do_action(Array)
#3 C:\xampp\htdocs\eshop\wp-admin\admin-ajax.php(184): do_action('wp_ajax_custom_...')
#4 {main}
  thrown in C:\xampp\htdocs\eshop\wp-content\themes\leto-customized\inc\custom-xoo-wsc-add-variaton-to-cart.php on line 12

2021-01-16T17:30:48+00:00 CRITICAL Uncaught Error: Call to a member function get_variation_attributes() on bool in C:\xampp\htdocs\eshop\wp-content\themes\leto-customized\inc\custom-xoo-wsc-add-variaton-to-cart.php:12
Stack trace:
#0 C:\xampp\htdocs\eshop\wp-includes\class-wp-hook.php(287): xoo_wsc_add_variation_to_cart('')
#1 C:\xampp\htdocs\eshop\wp-includes\class-wp-hook.php(311): WP_Hook->apply_filters('', Array)
#2 C:\xampp\htdocs\eshop\wp-includes\plugin.php(484): WP_Hook->do_action(Array)
#3 C:\xampp\htdocs\eshop\wp-admin\admin-ajax.php(184): do_action('wp_ajax_custom_...')
#4 {main}
  thrown in C:\xampp\htdocs\eshop\wp-content\themes\leto-customized\inc\custom-xoo-wsc-add-variaton-to-cart.php on line 12

2021-01-16T17:31:39+00:00 CRITICAL Uncaught Error: Call to a member function get_variation_attributes() on bool in C:\xampp\htdocs\eshop\wp-content\themes\leto-customized\inc\custom-xoo-wsc-add-variaton-to-cart.php:12
Stack trace:
#0 C:\xampp\htdocs\eshop\wp-includes\class-wp-hook.php(287): xoo_wsc_add_variation_to_cart('')
#1 C:\xampp\htdocs\eshop\wp-includes\class-wp-hook.php(311): WP_Hook->apply_filters('', Array)
#2 C:\xampp\htdocs\eshop\wp-includes\plugin.php(484): WP_Hook->do_action(Array)
#3 C:\xampp\htdocs\eshop\wp-admin\admin-ajax.php(184): do_action('wp_ajax_custom_...')
#4 {main}
  thrown in C:\xampp\htdocs\eshop\wp-content\themes\leto-customized\inc\custom-xoo-wsc-add-variaton-to-cart.php on line 12

2021-01-16T17:33:33+00:00 CRITICAL Uncaught Error: Call to a member function get_variation_attributes() on bool in C:\xampp\htdocs\eshop\wp-content\themes\leto-customized\inc\custom-xoo-wsc-add-variaton-to-cart.php:12
Stack trace:
#0 C:\xampp\htdocs\eshop\wp-includes\class-wp-hook.php(287): xoo_wsc_add_variation_to_cart('')
#1 C:\xampp\htdocs\eshop\wp-includes\class-wp-hook.php(311): WP_Hook->apply_filters('', Array)
#2 C:\xampp\htdocs\eshop\wp-includes\plugin.php(484): WP_Hook->do_action(Array)
#3 C:\xampp\htdocs\eshop\wp-admin\admin-ajax.php(184): do_action('wp_ajax_custom_...')
#4 {main}
  thrown in C:\xampp\htdocs\eshop\wp-content\themes\leto-customized\inc\custom-xoo-wsc-add-variaton-to-cart.php on line 12

2021-01-16T23:44:31+00:00 CRITICAL Uncaught Error: Call to a member function get_variation_attributes() on bool in C:\xampp\htdocs\eshop\wp-content\themes\leto-customized\inc\custom-xoo-wsc-add-variaton-to-cart.php:13
Stack trace:
#0 C:\xampp\htdocs\eshop\wp-includes\class-wp-hook.php(287): xoo_wsc_add_variation_to_cart('')
#1 C:\xampp\htdocs\eshop\wp-includes\class-wp-hook.php(311): WP_Hook->apply_filters('', Array)
#2 C:\xampp\htdocs\eshop\wp-includes\plugin.php(484): WP_Hook->do_action(Array)
#3 C:\xampp\htdocs\eshop\wp-admin\admin-ajax.php(184): do_action('wp_ajax_custom_...')
#4 {main}
  thrown in C:\xampp\htdocs\eshop\wp-content\themes\leto-customized\inc\custom-xoo-wsc-add-variaton-to-cart.php on line 13

2021-01-16T23:44:49+00:00 CRITICAL Uncaught Error: Call to a member function get_variation_attributes() on bool in C:\xampp\htdocs\eshop\wp-content\themes\leto-customized\inc\custom-xoo-wsc-add-variaton-to-cart.php:13
Stack trace:
#0 C:\xampp\htdocs\eshop\wp-includes\class-wp-hook.php(287): xoo_wsc_add_variation_to_cart('')
#1 C:\xampp\htdocs\eshop\wp-includes\class-wp-hook.php(311): WP_Hook->apply_filters('', Array)
#2 C:\xampp\htdocs\eshop\wp-includes\plugin.php(484): WP_Hook->do_action(Array)
#3 C:\xampp\htdocs\eshop\wp-admin\admin-ajax.php(184): do_action('wp_ajax_custom_...')
#4 {main}
  thrown in C:\xampp\htdocs\eshop\wp-content\themes\leto-customized\inc\custom-xoo-wsc-add-variaton-to-cart.php on line 13

2021-01-16T23:47:56+00:00 CRITICAL Uncaught Error: Call to a member function get_variation_attributes() on bool in C:\xampp\htdocs\eshop\wp-content\themes\leto-customized\inc\custom-xoo-wsc-add-variaton-to-cart.php:13
Stack trace:
#0 C:\xampp\htdocs\eshop\wp-includes\class-wp-hook.php(287): xoo_wsc_add_variation_to_cart('')
#1 C:\xampp\htdocs\eshop\wp-includes\class-wp-hook.php(311): WP_Hook->apply_filters('', Array)
#2 C:\xampp\htdocs\eshop\wp-includes\plugin.php(484): WP_Hook->do_action(Array)
#3 C:\xampp\htdocs\eshop\wp-admin\admin-ajax.php(184): do_action('wp_ajax_custom_...')
#4 {main}
  thrown in C:\xampp\htdocs\eshop\wp-content\themes\leto-customized\inc\custom-xoo-wsc-add-variaton-to-cart.php on line 13

2021-01-16T23:50:31+00:00 CRITICAL Uncaught Error: Call to a member function get_variation_attributes() on bool in C:\xampp\htdocs\eshop\wp-content\themes\leto-customized\inc\custom-xoo-wsc-add-variaton-to-cart.php:13
Stack trace:
#0 C:\xampp\htdocs\eshop\wp-includes\class-wp-hook.php(287): xoo_wsc_add_variation_to_cart('')
#1 C:\xampp\htdocs\eshop\wp-includes\class-wp-hook.php(311): WP_Hook->apply_filters('', Array)
#2 C:\xampp\htdocs\eshop\wp-includes\plugin.php(484): WP_Hook->do_action(Array)
#3 C:\xampp\htdocs\eshop\wp-admin\admin-ajax.php(184): do_action('wp_ajax_custom_...')
#4 {main}
  thrown in C:\xampp\htdocs\eshop\wp-content\themes\leto-customized\inc\custom-xoo-wsc-add-variaton-to-cart.php on line 13

