2021-01-17T01:15:33+00:00 CRITICAL Uncaught Error: Call to a member function get_variation_attributes() on bool in C:\xampp\htdocs\eshop\wp-content\themes\leto-customized\inc\custom-xoo-wsc-add-variaton-to-cart.php:13
Stack trace:
#0 C:\xampp\htdocs\eshop\wp-includes\class-wp-hook.php(287): xoo_wsc_add_variation_to_cart('')
#1 C:\xampp\htdocs\eshop\wp-includes\class-wp-hook.php(311): WP_Hook->apply_filters('', Array)
#2 C:\xampp\htdocs\eshop\wp-includes\plugin.php(484): WP_Hook->do_action(Array)
#3 C:\xampp\htdocs\eshop\wp-admin\admin-ajax.php(184): do_action('wp_ajax_custom_...')
#4 {main}
  thrown in C:\xampp\htdocs\eshop\wp-content\themes\leto-customized\inc\custom-xoo-wsc-add-variaton-to-cart.php on line 13

2021-01-17T01:16:10+00:00 CRITICAL Uncaught Error: Call to a member function get_variation_attributes() on bool in C:\xampp\htdocs\eshop\wp-content\themes\leto-customized\inc\custom-xoo-wsc-add-variaton-to-cart.php:13
Stack trace:
#0 C:\xampp\htdocs\eshop\wp-includes\class-wp-hook.php(287): xoo_wsc_add_variation_to_cart('')
#1 C:\xampp\htdocs\eshop\wp-includes\class-wp-hook.php(311): WP_Hook->apply_filters('', Array)
#2 C:\xampp\htdocs\eshop\wp-includes\plugin.php(484): WP_Hook->do_action(Array)
#3 C:\xampp\htdocs\eshop\wp-admin\admin-ajax.php(184): do_action('wp_ajax_custom_...')
#4 {main}
  thrown in C:\xampp\htdocs\eshop\wp-content\themes\leto-customized\inc\custom-xoo-wsc-add-variaton-to-cart.php on line 13

2021-01-17T01:16:36+00:00 CRITICAL Uncaught Error: Call to a member function get_variation_attributes() on bool in C:\xampp\htdocs\eshop\wp-content\themes\leto-customized\inc\custom-xoo-wsc-add-variaton-to-cart.php:13
Stack trace:
#0 C:\xampp\htdocs\eshop\wp-includes\class-wp-hook.php(287): xoo_wsc_add_variation_to_cart('')
#1 C:\xampp\htdocs\eshop\wp-includes\class-wp-hook.php(311): WP_Hook->apply_filters('', Array)
#2 C:\xampp\htdocs\eshop\wp-includes\plugin.php(484): WP_Hook->do_action(Array)
#3 C:\xampp\htdocs\eshop\wp-admin\admin-ajax.php(184): do_action('wp_ajax_custom_...')
#4 {main}
  thrown in C:\xampp\htdocs\eshop\wp-content\themes\leto-customized\inc\custom-xoo-wsc-add-variaton-to-cart.php on line 13

2021-01-17T16:27:06+00:00 CRITICAL Uncaught Error: Call to a member function get_variation_attributes() on bool in C:\xampp\htdocs\eshop\wp-content\themes\leto-customized\inc\custom-xoo-wsc-add-variaton-to-cart.php:13
Stack trace:
#0 C:\xampp\htdocs\eshop\wp-includes\class-wp-hook.php(287): xoo_wsc_add_variation_to_cart('')
#1 C:\xampp\htdocs\eshop\wp-includes\class-wp-hook.php(311): WP_Hook->apply_filters('', Array)
#2 C:\xampp\htdocs\eshop\wp-includes\plugin.php(484): WP_Hook->do_action(Array)
#3 C:\xampp\htdocs\eshop\wp-admin\admin-ajax.php(184): do_action('wp_ajax_custom_...')
#4 {main}
  thrown in C:\xampp\htdocs\eshop\wp-content\themes\leto-customized\inc\custom-xoo-wsc-add-variaton-to-cart.php on line 13

2021-01-17T16:34:52+00:00 CRITICAL Uncaught Error: Call to a member function get_variation_attributes() on bool in C:\xampp\htdocs\eshop\wp-content\themes\leto-customized\inc\custom-xoo-wsc-add-variaton-to-cart.php:13
Stack trace:
#0 C:\xampp\htdocs\eshop\wp-includes\class-wp-hook.php(287): xoo_wsc_add_variation_to_cart('')
#1 C:\xampp\htdocs\eshop\wp-includes\class-wp-hook.php(311): WP_Hook->apply_filters('', Array)
#2 C:\xampp\htdocs\eshop\wp-includes\plugin.php(484): WP_Hook->do_action(Array)
#3 C:\xampp\htdocs\eshop\wp-admin\admin-ajax.php(184): do_action('wp_ajax_custom_...')
#4 {main}
  thrown in C:\xampp\htdocs\eshop\wp-content\themes\leto-customized\inc\custom-xoo-wsc-add-variaton-to-cart.php on line 13

2021-01-17T16:37:56+00:00 CRITICAL Uncaught Error: Call to a member function get_variation_attributes() on bool in C:\xampp\htdocs\eshop\wp-content\themes\leto-customized\inc\custom-xoo-wsc-add-variaton-to-cart.php:13
Stack trace:
#0 C:\xampp\htdocs\eshop\wp-includes\class-wp-hook.php(287): xoo_wsc_add_variation_to_cart('')
#1 C:\xampp\htdocs\eshop\wp-includes\class-wp-hook.php(311): WP_Hook->apply_filters('', Array)
#2 C:\xampp\htdocs\eshop\wp-includes\plugin.php(484): WP_Hook->do_action(Array)
#3 C:\xampp\htdocs\eshop\wp-admin\admin-ajax.php(184): do_action('wp_ajax_custom_...')
#4 {main}
  thrown in C:\xampp\htdocs\eshop\wp-content\themes\leto-customized\inc\custom-xoo-wsc-add-variaton-to-cart.php on line 13

2021-01-17T16:40:23+00:00 CRITICAL Uncaught Error: Call to a member function get_variation_attributes() on bool in C:\xampp\htdocs\eshop\wp-content\themes\leto-customized\inc\custom-xoo-wsc-add-variaton-to-cart.php:13
Stack trace:
#0 C:\xampp\htdocs\eshop\wp-includes\class-wp-hook.php(287): xoo_wsc_add_variation_to_cart('')
#1 C:\xampp\htdocs\eshop\wp-includes\class-wp-hook.php(311): WP_Hook->apply_filters('', Array)
#2 C:\xampp\htdocs\eshop\wp-includes\plugin.php(484): WP_Hook->do_action(Array)
#3 C:\xampp\htdocs\eshop\wp-admin\admin-ajax.php(184): do_action('wp_ajax_custom_...')
#4 {main}
  thrown in C:\xampp\htdocs\eshop\wp-content\themes\leto-customized\inc\custom-xoo-wsc-add-variaton-to-cart.php on line 13

2021-01-17T16:40:43+00:00 CRITICAL Uncaught Error: Call to a member function get_variation_attributes() on bool in C:\xampp\htdocs\eshop\wp-content\themes\leto-customized\inc\custom-xoo-wsc-add-variaton-to-cart.php:13
Stack trace:
#0 C:\xampp\htdocs\eshop\wp-includes\class-wp-hook.php(287): xoo_wsc_add_variation_to_cart('')
#1 C:\xampp\htdocs\eshop\wp-includes\class-wp-hook.php(311): WP_Hook->apply_filters('', Array)
#2 C:\xampp\htdocs\eshop\wp-includes\plugin.php(484): WP_Hook->do_action(Array)
#3 C:\xampp\htdocs\eshop\wp-admin\admin-ajax.php(184): do_action('wp_ajax_custom_...')
#4 {main}
  thrown in C:\xampp\htdocs\eshop\wp-content\themes\leto-customized\inc\custom-xoo-wsc-add-variaton-to-cart.php on line 13

