2020-12-25T00:34:17+00:00 CRITICAL Uncaught Error: Call to undefined function WC_Product_Variation() in C:\xampp\htdocs\eshop\wp-content\themes\leto-customized\inc\ajax-add-to-cart-extended.php:35
Stack trace:
#0 C:\xampp\htdocs\eshop\wp-includes\class-wp-hook.php(287): ajax_add_to_cart_extended('')
#1 C:\xampp\htdocs\eshop\wp-includes\class-wp-hook.php(311): WP_Hook->apply_filters('', Array)
#2 C:\xampp\htdocs\eshop\wp-includes\plugin.php(484): WP_Hook->do_action(Array)
#3 C:\xampp\htdocs\eshop\wp-admin\admin-ajax.php(184): do_action('wp_ajax_woocomm...')
#4 {main}
  thrown in C:\xampp\htdocs\eshop\wp-content\themes\leto-customized\inc\ajax-add-to-cart-extended.php on line 35

2020-12-25T00:36:34+00:00 CRITICAL syntax error, unexpected '->' (T_OBJECT_OPERATOR) in C:\xampp\htdocs\eshop\wp-content\themes\leto-customized\inc\ajax-add-to-cart-extended.php on line 35

2020-12-25T00:36:45+00:00 CRITICAL syntax error, unexpected '->' (T_OBJECT_OPERATOR) in C:\xampp\htdocs\eshop\wp-content\themes\leto-customized\inc\ajax-add-to-cart-extended.php on line 35

2020-12-25T00:37:09+00:00 CRITICAL syntax error, unexpected '->' (T_OBJECT_OPERATOR) in C:\xampp\htdocs\eshop\wp-content\themes\leto-customized\inc\ajax-add-to-cart-extended.php on line 35

2020-12-25T00:39:15+00:00 CRITICAL syntax error, unexpected '->' (T_OBJECT_OPERATOR) in C:\xampp\htdocs\eshop\wp-content\themes\leto-customized\inc\ajax-add-to-cart-extended.php on line 34

2020-12-25T00:49:51+00:00 CRITICAL syntax error, unexpected '->' (T_OBJECT_OPERATOR), expecting ')' in C:\xampp\htdocs\eshop\wp-content\themes\leto-customized\woocommerce\loop\add-to-cart.php on line 54

2020-12-25T00:50:45+00:00 CRITICAL Uncaught Error: Using $this when not in object context in C:\xampp\htdocs\eshop\wp-content\plugins\woocommerce\includes\class-wc-product-simple.php:60
Stack trace:
#0 C:\xampp\htdocs\eshop\wp-content\themes\leto-customized\woocommerce\loop\add-to-cart.php(54): WC_Product_Simple::add_to_cart_text()
#1 C:\xampp\htdocs\eshop\wp-content\plugins\woocommerce\includes\wc-core-functions.php(345): include('C:\\xampp\\htdocs...')
#2 C:\xampp\htdocs\eshop\wp-content\themes\leto-customized\functions.php(81): wc_get_template('loop/add-to-car...', Array)
#3 C:\xampp\htdocs\eshop\wp-includes\class-wp-hook.php(287): custom_loop_add_to_cart(Array)
#4 C:\xampp\htdocs\eshop\wp-includes\class-wp-hook.php(311): WP_Hook->apply_filters('', Array)
#5 C:\xampp\htdocs\eshop\wp-includes\plugin.php(484): WP_Hook->do_action(Array)
#6 C:\xampp\htdocs\eshop\wp-content\plugins\woocommerce\templates\content-product.php(65): do_action('woocommerce_aft...')
#7 C:\xampp\htdocs\eshop\wp-includes\template.php(732): require('C:\\xampp\\htdocs...') in C:\xampp\htdocs\eshop\wp-content\plugins\woocommerce\includes\class-wc-product-simple.php on line 60

2020-12-25T00:51:06+00:00 CRITICAL syntax error, unexpected ':', expecting ')' in C:\xampp\htdocs\eshop\wp-content\themes\leto-customized\woocommerce\loop\add-to-cart.php on line 54

